[0.005s] Invoking command in '/home/eppl/ws_ros2/build/px4_ros_com': AMENT_PREFIX_PATH=/home/eppl/ws_ros2/install/px4_msgs:${AMENT_PREFIX_PATH} CMAKE_PREFIX_PATH=/home/eppl/ws_ros2/install/px4_msgs:/opt/ros/humble LD_LIBRARY_PATH=/home/eppl/ws_ros2/install/px4_msgs/lib:${LD_LIBRARY_PATH} PYTHONPATH=/home/eppl/ws_ros2/install/px4_msgs/local/lib/python3.10/dist-packages:${PYTHONPATH} /usr/bin/cmake /home/eppl/ws_ros2/src/px4_ros_com -DCMAKE_INSTALL_PREFIX=/home/eppl/ws_ros2/install/px4_ros_com
[0.013s] -- Found ament_cmake: 1.3.12 (/opt/ros/humble/share/ament_cmake/cmake)
[0.075s] -- Override CMake install command with custom implementation using symlinks instead of copying resources
[0.078s] -- Found builtin_interfaces: 1.2.2 (/opt/ros/humble/share/builtin_interfaces/cmake)
[0.090s] -- Found rosidl_generator_c: 3.1.7 (/opt/ros/humble/share/rosidl_generator_c/cmake)
[0.091s] -- Found rosidl_adapter: 3.1.7 (/opt/ros/humble/share/rosidl_adapter/cmake)
[0.095s] -- Found rosidl_generator_cpp: 3.1.7 (/opt/ros/humble/share/rosidl_generator_cpp/cmake)
[0.099s] -- Using all available rosidl_typesupport_c: rosidl_typesupport_fastrtps_c;rosidl_typesupport_introspection_c
[0.106s] -- Using all available rosidl_typesupport_cpp: rosidl_typesupport_fastrtps_cpp;rosidl_typesupport_introspection_cpp
[0.112s] -- Found eigen3_cmake_module: 0.1.1 (/opt/ros/humble/share/eigen3_cmake_module/cmake)
[0.114s] -- Found geometry_msgs: 4.9.0 (/opt/ros/humble/share/geometry_msgs/cmake)
[0.129s] -- Found px4_msgs: 2.0.1 (/home/eppl/ws_ros2/install/px4_msgs/share/px4_msgs/cmake)
[0.135s] -- Found rclcpp: 16.0.15 (/opt/ros/humble/share/rclcpp/cmake)
[0.153s] -- Found rmw_implementation_cmake: 6.1.2 (/opt/ros/humble/share/rmw_implementation_cmake/cmake)
[0.154s] -- Found rmw_fastrtps_cpp: 6.2.8 (/opt/ros/humble/share/rmw_fastrtps_cpp/cmake)
[0.207s] -- Using RMW implementation 'rmw_fastrtps_cpp' as default
[0.233s] -- Found sensor_msgs: 4.9.0 (/opt/ros/humble/share/sensor_msgs/cmake)
[0.244s] -- Found rclpy: 3.3.17 (/opt/ros/humble/share/rclpy/cmake)
[0.248s] -- Found ament_lint_auto: 0.12.14 (/opt/ros/humble/share/ament_lint_auto/cmake)
[0.284s] -- Added test 'copyright' to check source files copyright and LICENSE
[0.286s] -- Added test 'cppcheck' to perform static code analysis on C / C++ code
[0.286s] -- Configured cppcheck include dirs: /home/eppl/ws_ros2/src/px4_ros_com/include;$<BUILD_INTERFACE:/home/eppl/ws_ros2/src/px4_ros_com/include/px4_ros_com>
[0.286s] -- Configured cppcheck exclude dirs and/or files: 
[0.288s] -- Added test 'cpplint' to check C / C++ code against the Google style
[0.288s] -- Configured cpplint exclude dirs and/or files: 
[0.288s] -- Added test 'flake8' to check Python code syntax and style conventions
[0.289s] -- Added test 'lint_cmake' to check CMake code style
[0.289s] -- Added test 'pep257' to check Python code against some of the docstring style conventions in PEP 257
[0.291s] -- Added test 'uncrustify' to check C / C++ code style
[0.291s] -- Configured uncrustify additional arguments: 
[0.291s] -- Added test 'xmllint' to check XML markup files
[0.292s] -- Configuring done
[0.307s] -- Generating done
[0.312s] -- Build files have been written to: /home/eppl/ws_ros2/build/px4_ros_com
[0.317s] Invoked command in '/home/eppl/ws_ros2/build/px4_ros_com' returned '0': AMENT_PREFIX_PATH=/home/eppl/ws_ros2/install/px4_msgs:${AMENT_PREFIX_PATH} CMAKE_PREFIX_PATH=/home/eppl/ws_ros2/install/px4_msgs:/opt/ros/humble LD_LIBRARY_PATH=/home/eppl/ws_ros2/install/px4_msgs/lib:${LD_LIBRARY_PATH} PYTHONPATH=/home/eppl/ws_ros2/install/px4_msgs/local/lib/python3.10/dist-packages:${PYTHONPATH} /usr/bin/cmake /home/eppl/ws_ros2/src/px4_ros_com -DCMAKE_INSTALL_PREFIX=/home/eppl/ws_ros2/install/px4_ros_com
[0.318s] Invoking command in '/home/eppl/ws_ros2/build/px4_ros_com': AMENT_PREFIX_PATH=/home/eppl/ws_ros2/install/px4_msgs:${AMENT_PREFIX_PATH} CMAKE_PREFIX_PATH=/home/eppl/ws_ros2/install/px4_msgs:/opt/ros/humble LD_LIBRARY_PATH=/home/eppl/ws_ros2/install/px4_msgs/lib:${LD_LIBRARY_PATH} PYTHONPATH=/home/eppl/ws_ros2/install/px4_msgs/local/lib/python3.10/dist-packages:${PYTHONPATH} /usr/bin/cmake --build /home/eppl/ws_ros2/build/px4_ros_com -- -j32 -l32
[0.340s] [35m[1mConsolidate compiler generated dependencies of target vehicle_gps_position_listener[0m
[0.341s] [35m[1mConsolidate compiler generated dependencies of target frame_transforms[0m
[0.341s] [35m[1mConsolidate compiler generated dependencies of target offboard_control[0m
[0.341s] [35m[1mConsolidate compiler generated dependencies of target debug_vect_advertiser[0m
[0.341s] [35m[1mConsolidate compiler generated dependencies of target sensor_combined_listener[0m
[0.341s] [35m[1mConsolidate compiler generated dependencies of target offboard_control_srv[0m
[0.351s] [  0%] Built target ament_cmake_python_symlink_px4_ros_com
[0.353s] [ 16%] Built target frame_transforms
[0.353s] [ 33%] Built target offboard_control
[0.354s] [ 50%] Built target sensor_combined_listener
[0.354s] [ 83%] Built target vehicle_gps_position_listener
[0.354s] [ 83%] Built target debug_vect_advertiser
[0.354s] [100%] Built target offboard_control_srv
[0.441s] running egg_info
[0.449s] writing px4_ros_com.egg-info/PKG-INFO
[0.449s] writing dependency_links to px4_ros_com.egg-info/dependency_links.txt
[0.450s] writing top-level names to px4_ros_com.egg-info/top_level.txt
[0.471s] reading manifest file 'px4_ros_com.egg-info/SOURCES.txt'
[0.472s] writing manifest file 'px4_ros_com.egg-info/SOURCES.txt'
[0.485s] [100%] Built target ament_cmake_python_build_px4_ros_com_egg
[0.490s] Invoked command in '/home/eppl/ws_ros2/build/px4_ros_com' returned '0': AMENT_PREFIX_PATH=/home/eppl/ws_ros2/install/px4_msgs:${AMENT_PREFIX_PATH} CMAKE_PREFIX_PATH=/home/eppl/ws_ros2/install/px4_msgs:/opt/ros/humble LD_LIBRARY_PATH=/home/eppl/ws_ros2/install/px4_msgs/lib:${LD_LIBRARY_PATH} PYTHONPATH=/home/eppl/ws_ros2/install/px4_msgs/local/lib/python3.10/dist-packages:${PYTHONPATH} /usr/bin/cmake --build /home/eppl/ws_ros2/build/px4_ros_com -- -j32 -l32
[0.491s] Invoking command in '/home/eppl/ws_ros2/build/px4_ros_com': AMENT_PREFIX_PATH=/home/eppl/ws_ros2/install/px4_msgs:${AMENT_PREFIX_PATH} CMAKE_PREFIX_PATH=/home/eppl/ws_ros2/install/px4_msgs:/opt/ros/humble LD_LIBRARY_PATH=/home/eppl/ws_ros2/install/px4_msgs/lib:${LD_LIBRARY_PATH} PYTHONPATH=/home/eppl/ws_ros2/install/px4_msgs/local/lib/python3.10/dist-packages:${PYTHONPATH} /usr/bin/cmake --install /home/eppl/ws_ros2/build/px4_ros_com
[0.495s] -- Install configuration: ""
[0.495s] -- Execute custom install script
[0.495s] -- Up-to-date symlink: /home/eppl/ws_ros2/install/px4_ros_com/lib/px4_ros_com/sensor_combined_listener
[0.495s] -- Up-to-date symlink: /home/eppl/ws_ros2/install/px4_ros_com/lib/px4_ros_com/vehicle_gps_position_listener
[0.495s] -- Up-to-date symlink: /home/eppl/ws_ros2/install/px4_ros_com/lib/px4_ros_com/debug_vect_advertiser
[0.495s] -- Up-to-date symlink: /home/eppl/ws_ros2/install/px4_ros_com/lib/px4_ros_com/offboard_control
[0.495s] -- Up-to-date symlink: /home/eppl/ws_ros2/install/px4_ros_com/lib/px4_ros_com/offboard_control_srv
[0.495s] -- Up-to-date symlink: /home/eppl/ws_ros2/install/px4_ros_com/share/px4_ros_com/environment/library_path.sh
[0.496s] -- Up-to-date symlink: /home/eppl/ws_ros2/install/px4_ros_com/share/px4_ros_com/environment/library_path.dsv
[0.496s] -- Up-to-date symlink: /home/eppl/ws_ros2/install/px4_ros_com/include/px4_ros_com/frame_transforms.h
[0.496s] -- Up-to-date symlink: /home/eppl/ws_ros2/install/px4_ros_com/share/px4_ros_com//launch/offboard_control_launch.yaml
[0.496s] -- Up-to-date symlink: /home/eppl/ws_ros2/install/px4_ros_com/share/px4_ros_com//launch/sensor_combined_listener.launch.py
[0.496s] -- Up-to-date symlink: /home/eppl/ws_ros2/install/px4_ros_com/share/px4_ros_com//test/__init__.py
[0.496s] -- Up-to-date symlink: /home/eppl/ws_ros2/install/px4_ros_com/share/px4_ros_com//test/pipeline_io_test.py
[0.496s] -- Up-to-date symlink: /home/eppl/ws_ros2/install/px4_ros_com/share/px4_ros_com//test/test_input.py
[0.496s] -- Up-to-date symlink: /home/eppl/ws_ros2/install/px4_ros_com/share/px4_ros_com//test/test_output.py
[0.496s] -- Up-to-date symlink: /home/eppl/ws_ros2/install/px4_ros_com/share/px4_ros_com/environment/pythonpath.sh
[0.496s] -- Up-to-date symlink: /home/eppl/ws_ros2/install/px4_ros_com/share/px4_ros_com/environment/pythonpath.dsv
[0.496s] -- Up-to-date symlink: /home/eppl/ws_ros2/install/px4_ros_com/local/lib/python3.10/dist-packages/px4_ros_com-0.1.0-py3.10.egg-info/PKG-INFO
[0.497s] -- Up-to-date symlink: /home/eppl/ws_ros2/install/px4_ros_com/local/lib/python3.10/dist-packages/px4_ros_com-0.1.0-py3.10.egg-info/SOURCES.txt
[0.497s] -- Up-to-date symlink: /home/eppl/ws_ros2/install/px4_ros_com/local/lib/python3.10/dist-packages/px4_ros_com-0.1.0-py3.10.egg-info/dependency_links.txt
[0.497s] -- Up-to-date symlink: /home/eppl/ws_ros2/install/px4_ros_com/local/lib/python3.10/dist-packages/px4_ros_com-0.1.0-py3.10.egg-info/top_level.txt
[0.497s] -- Up-to-date symlink: /home/eppl/ws_ros2/install/px4_ros_com/local/lib/python3.10/dist-packages/px4_ros_com/__init__.py
[0.497s] -- Up-to-date symlink: /home/eppl/ws_ros2/install/px4_ros_com/local/lib/python3.10/dist-packages/px4_ros_com/module_to_import.py
[0.497s] -- Up-to-date symlink: /home/eppl/ws_ros2/install/px4_ros_com/lib/px4_ros_com/offboard_control.py
[0.497s] -- Up-to-date symlink: /home/eppl/ws_ros2/install/px4_ros_com/share/ament_index/resource_index/package_run_dependencies/px4_ros_com
[0.497s] -- Up-to-date symlink: /home/eppl/ws_ros2/install/px4_ros_com/share/ament_index/resource_index/parent_prefix_path/px4_ros_com
[0.497s] -- Up-to-date symlink: /home/eppl/ws_ros2/install/px4_ros_com/share/px4_ros_com/environment/ament_prefix_path.sh
[0.497s] -- Up-to-date symlink: /home/eppl/ws_ros2/install/px4_ros_com/share/px4_ros_com/environment/ament_prefix_path.dsv
[0.497s] -- Up-to-date symlink: /home/eppl/ws_ros2/install/px4_ros_com/share/px4_ros_com/environment/path.sh
[0.497s] -- Up-to-date symlink: /home/eppl/ws_ros2/install/px4_ros_com/share/px4_ros_com/environment/path.dsv
[0.497s] -- Up-to-date symlink: /home/eppl/ws_ros2/install/px4_ros_com/share/px4_ros_com/local_setup.bash
[0.497s] -- Up-to-date symlink: /home/eppl/ws_ros2/install/px4_ros_com/share/px4_ros_com/local_setup.sh
[0.497s] -- Up-to-date symlink: /home/eppl/ws_ros2/install/px4_ros_com/share/px4_ros_com/local_setup.zsh
[0.497s] -- Up-to-date symlink: /home/eppl/ws_ros2/install/px4_ros_com/share/px4_ros_com/local_setup.dsv
[0.497s] -- Symlinking: /home/eppl/ws_ros2/install/px4_ros_com/share/px4_ros_com/package.dsv
[0.502s] -- Up-to-date symlink: /home/eppl/ws_ros2/install/px4_ros_com/share/ament_index/resource_index/packages/px4_ros_com
[0.502s] -- Up-to-date symlink: /home/eppl/ws_ros2/install/px4_ros_com/share/px4_ros_com/cmake/ament_cmake_export_dependencies-extras.cmake
[0.502s] -- Up-to-date symlink: /home/eppl/ws_ros2/install/px4_ros_com/share/px4_ros_com/cmake/ament_cmake_export_targets-extras.cmake
[0.502s] -- Up-to-date symlink: /home/eppl/ws_ros2/install/px4_ros_com/share/px4_ros_com/cmake/ament_cmake_export_include_directories-extras.cmake
[0.502s] -- Up-to-date symlink: /home/eppl/ws_ros2/install/px4_ros_com/share/px4_ros_com/cmake/ament_cmake_export_libraries-extras.cmake
[0.502s] -- Up-to-date symlink: /home/eppl/ws_ros2/install/px4_ros_com/share/px4_ros_com/cmake/px4_ros_comConfig.cmake
[0.502s] -- Up-to-date symlink: /home/eppl/ws_ros2/install/px4_ros_com/share/px4_ros_com/cmake/px4_ros_comConfig-version.cmake
[0.502s] -- Up-to-date symlink: /home/eppl/ws_ros2/install/px4_ros_com/share/px4_ros_com/package.xml
[0.502s] -- Up-to-date: /home/eppl/ws_ros2/install/px4_ros_com/lib/libframe_transforms.so
[0.520s] Listing '/home/eppl/ws_ros2/install/px4_ros_com/local/lib/python3.10/dist-packages/px4_ros_com'...
[0.522s] -- Up-to-date: /home/eppl/ws_ros2/install/px4_ros_com/share/px4_ros_com/cmake/export_frame_transformsExport.cmake
[0.522s] -- Up-to-date: /home/eppl/ws_ros2/install/px4_ros_com/share/px4_ros_com/cmake/export_frame_transformsExport-noconfig.cmake
[0.523s] Invoked command in '/home/eppl/ws_ros2/build/px4_ros_com' returned '0': AMENT_PREFIX_PATH=/home/eppl/ws_ros2/install/px4_msgs:${AMENT_PREFIX_PATH} CMAKE_PREFIX_PATH=/home/eppl/ws_ros2/install/px4_msgs:/opt/ros/humble LD_LIBRARY_PATH=/home/eppl/ws_ros2/install/px4_msgs/lib:${LD_LIBRARY_PATH} PYTHONPATH=/home/eppl/ws_ros2/install/px4_msgs/local/lib/python3.10/dist-packages:${PYTHONPATH} /usr/bin/cmake --install /home/eppl/ws_ros2/build/px4_ros_com
