[0.005s] Invoking command in '/home/eppl/ws_ros2/build/px4_ros_com': AMENT_PREFIX_PATH=/home/eppl/ws_ros2/install/px4_msgs:${AMENT_PREFIX_PATH} CMAKE_PREFIX_PATH=/home/eppl/ws_ros2/install/px4_msgs:/opt/ros/humble LD_LIBRARY_PATH=/home/eppl/ws_ros2/install/px4_msgs/lib:${LD_LIBRARY_PATH} PYTHONPATH=/home/eppl/ws_ros2/install/px4_msgs/local/lib/python3.10/dist-packages:${PYTHONPATH} /usr/bin/cmake /home/eppl/ws_ros2/src/px4_ros_com -DAMENT_CMAKE_SYMLINK_INSTALL=1 -DCMAKE_INSTALL_PREFIX=/home/eppl/ws_ros2/install/px4_ros_com
[0.012s] -- Found ament_cmake: 1.3.12 (/opt/ros/humble/share/ament_cmake/cmake)
[0.078s] -- Override CMake install command with custom implementation using symlinks instead of copying resources
[0.081s] -- Found builtin_interfaces: 1.2.2 (/opt/ros/humble/share/builtin_interfaces/cmake)
[0.094s] -- Found rosidl_generator_c: 3.1.7 (/opt/ros/humble/share/rosidl_generator_c/cmake)
[0.095s] -- Found rosidl_adapter: 3.1.7 (/opt/ros/humble/share/rosidl_adapter/cmake)
[0.098s] -- Found rosidl_generator_cpp: 3.1.7 (/opt/ros/humble/share/rosidl_generator_cpp/cmake)
[0.103s] -- Using all available rosidl_typesupport_c: rosidl_typesupport_fastrtps_c;rosidl_typesupport_introspection_c
[0.110s] -- Using all available rosidl_typesupport_cpp: rosidl_typesupport_fastrtps_cpp;rosidl_typesupport_introspection_cpp
[0.115s] -- Found eigen3_cmake_module: 0.1.1 (/opt/ros/humble/share/eigen3_cmake_module/cmake)
[0.116s] -- Found geometry_msgs: 4.9.0 (/opt/ros/humble/share/geometry_msgs/cmake)
[0.129s] -- Found px4_msgs: 2.0.1 (/home/eppl/ws_ros2/install/px4_msgs/share/px4_msgs/cmake)
[0.135s] -- Found rclcpp: 16.0.15 (/opt/ros/humble/share/rclcpp/cmake)
[0.146s] -- Found rmw_implementation_cmake: 6.1.2 (/opt/ros/humble/share/rmw_implementation_cmake/cmake)
[0.147s] -- Found rmw_fastrtps_cpp: 6.2.8 (/opt/ros/humble/share/rmw_fastrtps_cpp/cmake)
[0.203s] -- Using RMW implementation 'rmw_fastrtps_cpp' as default
[0.221s] -- Found sensor_msgs: 4.9.0 (/opt/ros/humble/share/sensor_msgs/cmake)
[0.229s] -- Found rclpy: 3.3.17 (/opt/ros/humble/share/rclpy/cmake)
[0.234s] -- Found ament_lint_auto: 0.12.14 (/opt/ros/humble/share/ament_lint_auto/cmake)
[0.276s] -- Added test 'copyright' to check source files copyright and LICENSE
[0.278s] -- Added test 'cppcheck' to perform static code analysis on C / C++ code
[0.278s] -- Configured cppcheck include dirs: /home/eppl/ws_ros2/src/px4_ros_com/include;$<BUILD_INTERFACE:/home/eppl/ws_ros2/src/px4_ros_com/include/px4_ros_com>
[0.278s] -- Configured cppcheck exclude dirs and/or files: 
[0.280s] -- Added test 'cpplint' to check C / C++ code against the Google style
[0.280s] -- Configured cpplint exclude dirs and/or files: 
[0.280s] -- Added test 'flake8' to check Python code syntax and style conventions
[0.281s] -- Added test 'lint_cmake' to check CMake code style
[0.281s] -- Added test 'pep257' to check Python code against some of the docstring style conventions in PEP 257
[0.283s] -- Added test 'uncrustify' to check C / C++ code style
[0.283s] -- Configured uncrustify additional arguments: 
[0.283s] -- Added test 'xmllint' to check XML markup files
[0.284s] -- Configuring done
[0.294s] -- Generating done
[0.297s] -- Build files have been written to: /home/eppl/ws_ros2/build/px4_ros_com
[0.301s] Invoked command in '/home/eppl/ws_ros2/build/px4_ros_com' returned '0': AMENT_PREFIX_PATH=/home/eppl/ws_ros2/install/px4_msgs:${AMENT_PREFIX_PATH} CMAKE_PREFIX_PATH=/home/eppl/ws_ros2/install/px4_msgs:/opt/ros/humble LD_LIBRARY_PATH=/home/eppl/ws_ros2/install/px4_msgs/lib:${LD_LIBRARY_PATH} PYTHONPATH=/home/eppl/ws_ros2/install/px4_msgs/local/lib/python3.10/dist-packages:${PYTHONPATH} /usr/bin/cmake /home/eppl/ws_ros2/src/px4_ros_com -DAMENT_CMAKE_SYMLINK_INSTALL=1 -DCMAKE_INSTALL_PREFIX=/home/eppl/ws_ros2/install/px4_ros_com
[0.302s] Invoking command in '/home/eppl/ws_ros2/build/px4_ros_com': AMENT_PREFIX_PATH=/home/eppl/ws_ros2/install/px4_msgs:${AMENT_PREFIX_PATH} CMAKE_PREFIX_PATH=/home/eppl/ws_ros2/install/px4_msgs:/opt/ros/humble LD_LIBRARY_PATH=/home/eppl/ws_ros2/install/px4_msgs/lib:${LD_LIBRARY_PATH} PYTHONPATH=/home/eppl/ws_ros2/install/px4_msgs/local/lib/python3.10/dist-packages:${PYTHONPATH} /usr/bin/cmake --build /home/eppl/ws_ros2/build/px4_ros_com -- -j32 -l32
[0.325s] [35m[1mConsolidate compiler generated dependencies of target frame_transforms[0m
[0.325s] [35m[1mConsolidate compiler generated dependencies of target debug_vect_advertiser[0m
[0.325s] [35m[1mConsolidate compiler generated dependencies of target sensor_combined_listener[0m
[0.325s] [35m[1mConsolidate compiler generated dependencies of target vehicle_gps_position_listener[0m
[0.325s] [35m[1mConsolidate compiler generated dependencies of target offboard_control[0m
[0.325s] [35m[1mConsolidate compiler generated dependencies of target offboard_control_srv[0m
[0.334s] [  0%] Built target ament_cmake_python_symlink_px4_ros_com
[0.334s] [ 16%] Built target sensor_combined_listener
[0.335s] [ 33%] Built target frame_transforms
[0.335s] [ 50%] Built target vehicle_gps_position_listener
[0.335s] [ 66%] Built target offboard_control_srv
[0.335s] [ 83%] Built target offboard_control
[0.336s] [100%] Built target debug_vect_advertiser
[0.429s] running egg_info
[0.436s] writing px4_ros_com.egg-info/PKG-INFO
[0.436s] writing dependency_links to px4_ros_com.egg-info/dependency_links.txt
[0.436s] writing top-level names to px4_ros_com.egg-info/top_level.txt
[0.454s] reading manifest file 'px4_ros_com.egg-info/SOURCES.txt'
[0.455s] writing manifest file 'px4_ros_com.egg-info/SOURCES.txt'
[0.469s] [100%] Built target ament_cmake_python_build_px4_ros_com_egg
[0.475s] Invoked command in '/home/eppl/ws_ros2/build/px4_ros_com' returned '0': AMENT_PREFIX_PATH=/home/eppl/ws_ros2/install/px4_msgs:${AMENT_PREFIX_PATH} CMAKE_PREFIX_PATH=/home/eppl/ws_ros2/install/px4_msgs:/opt/ros/humble LD_LIBRARY_PATH=/home/eppl/ws_ros2/install/px4_msgs/lib:${LD_LIBRARY_PATH} PYTHONPATH=/home/eppl/ws_ros2/install/px4_msgs/local/lib/python3.10/dist-packages:${PYTHONPATH} /usr/bin/cmake --build /home/eppl/ws_ros2/build/px4_ros_com -- -j32 -l32
[0.475s] Invoking command in '/home/eppl/ws_ros2/build/px4_ros_com': AMENT_PREFIX_PATH=/home/eppl/ws_ros2/install/px4_msgs:${AMENT_PREFIX_PATH} CMAKE_PREFIX_PATH=/home/eppl/ws_ros2/install/px4_msgs:/opt/ros/humble LD_LIBRARY_PATH=/home/eppl/ws_ros2/install/px4_msgs/lib:${LD_LIBRARY_PATH} PYTHONPATH=/home/eppl/ws_ros2/install/px4_msgs/local/lib/python3.10/dist-packages:${PYTHONPATH} /usr/bin/cmake --install /home/eppl/ws_ros2/build/px4_ros_com
[0.480s] -- Install configuration: ""
[0.480s] -- Execute custom install script
[0.480s] -- Up-to-date symlink: /home/eppl/ws_ros2/install/px4_ros_com/lib/px4_ros_com/sensor_combined_listener
[0.481s] -- Up-to-date symlink: /home/eppl/ws_ros2/install/px4_ros_com/lib/px4_ros_com/vehicle_gps_position_listener
[0.481s] -- Up-to-date symlink: /home/eppl/ws_ros2/install/px4_ros_com/lib/px4_ros_com/debug_vect_advertiser
[0.481s] -- Up-to-date symlink: /home/eppl/ws_ros2/install/px4_ros_com/lib/px4_ros_com/offboard_control
[0.481s] -- Up-to-date symlink: /home/eppl/ws_ros2/install/px4_ros_com/lib/px4_ros_com/offboard_control_srv
[0.481s] -- Up-to-date symlink: /home/eppl/ws_ros2/install/px4_ros_com/share/px4_ros_com/environment/library_path.sh
[0.481s] -- Up-to-date symlink: /home/eppl/ws_ros2/install/px4_ros_com/share/px4_ros_com/environment/library_path.dsv
[0.481s] -- Up-to-date symlink: /home/eppl/ws_ros2/install/px4_ros_com/include/px4_ros_com/frame_transforms.h
[0.481s] -- Up-to-date symlink: /home/eppl/ws_ros2/install/px4_ros_com/share/px4_ros_com//launch/offboard_control_launch.yaml
[0.481s] -- Up-to-date symlink: /home/eppl/ws_ros2/install/px4_ros_com/share/px4_ros_com//launch/sensor_combined_listener.launch.py
[0.482s] -- Up-to-date symlink: /home/eppl/ws_ros2/install/px4_ros_com/share/px4_ros_com//test/__init__.py
[0.482s] -- Up-to-date symlink: /home/eppl/ws_ros2/install/px4_ros_com/share/px4_ros_com//test/pipeline_io_test.py
[0.482s] -- Up-to-date symlink: /home/eppl/ws_ros2/install/px4_ros_com/share/px4_ros_com//test/test_input.py
[0.482s] -- Up-to-date symlink: /home/eppl/ws_ros2/install/px4_ros_com/share/px4_ros_com//test/test_output.py
[0.482s] -- Up-to-date symlink: /home/eppl/ws_ros2/install/px4_ros_com/share/px4_ros_com/environment/pythonpath.sh
[0.482s] -- Up-to-date symlink: /home/eppl/ws_ros2/install/px4_ros_com/share/px4_ros_com/environment/pythonpath.dsv
[0.482s] -- Up-to-date symlink: /home/eppl/ws_ros2/install/px4_ros_com/local/lib/python3.10/dist-packages/px4_ros_com-0.1.0-py3.10.egg-info/PKG-INFO
[0.482s] -- Up-to-date symlink: /home/eppl/ws_ros2/install/px4_ros_com/local/lib/python3.10/dist-packages/px4_ros_com-0.1.0-py3.10.egg-info/SOURCES.txt
[0.482s] -- Up-to-date symlink: /home/eppl/ws_ros2/install/px4_ros_com/local/lib/python3.10/dist-packages/px4_ros_com-0.1.0-py3.10.egg-info/dependency_links.txt
[0.482s] -- Up-to-date symlink: /home/eppl/ws_ros2/install/px4_ros_com/local/lib/python3.10/dist-packages/px4_ros_com-0.1.0-py3.10.egg-info/top_level.txt
[0.482s] -- Up-to-date symlink: /home/eppl/ws_ros2/install/px4_ros_com/local/lib/python3.10/dist-packages/px4_ros_com/__init__.py
[0.482s] -- Up-to-date symlink: /home/eppl/ws_ros2/install/px4_ros_com/local/lib/python3.10/dist-packages/px4_ros_com/module_to_import.py
[0.482s] -- Up-to-date symlink: /home/eppl/ws_ros2/install/px4_ros_com/lib/px4_ros_com/offboard_control.py
[0.482s] -- Up-to-date symlink: /home/eppl/ws_ros2/install/px4_ros_com/share/ament_index/resource_index/package_run_dependencies/px4_ros_com
[0.483s] -- Up-to-date symlink: /home/eppl/ws_ros2/install/px4_ros_com/share/ament_index/resource_index/parent_prefix_path/px4_ros_com
[0.483s] -- Up-to-date symlink: /home/eppl/ws_ros2/install/px4_ros_com/share/px4_ros_com/environment/ament_prefix_path.sh
[0.483s] -- Up-to-date symlink: /home/eppl/ws_ros2/install/px4_ros_com/share/px4_ros_com/environment/ament_prefix_path.dsv
[0.483s] -- Up-to-date symlink: /home/eppl/ws_ros2/install/px4_ros_com/share/px4_ros_com/environment/path.sh
[0.483s] -- Up-to-date symlink: /home/eppl/ws_ros2/install/px4_ros_com/share/px4_ros_com/environment/path.dsv
[0.483s] -- Up-to-date symlink: /home/eppl/ws_ros2/install/px4_ros_com/share/px4_ros_com/local_setup.bash
[0.483s] -- Up-to-date symlink: /home/eppl/ws_ros2/install/px4_ros_com/share/px4_ros_com/local_setup.sh
[0.483s] -- Up-to-date symlink: /home/eppl/ws_ros2/install/px4_ros_com/share/px4_ros_com/local_setup.zsh
[0.483s] -- Up-to-date symlink: /home/eppl/ws_ros2/install/px4_ros_com/share/px4_ros_com/local_setup.dsv
[0.483s] -- Symlinking: /home/eppl/ws_ros2/install/px4_ros_com/share/px4_ros_com/package.dsv
[0.488s] -- Up-to-date symlink: /home/eppl/ws_ros2/install/px4_ros_com/share/ament_index/resource_index/packages/px4_ros_com
[0.488s] -- Up-to-date symlink: /home/eppl/ws_ros2/install/px4_ros_com/share/px4_ros_com/cmake/ament_cmake_export_dependencies-extras.cmake
[0.489s] -- Up-to-date symlink: /home/eppl/ws_ros2/install/px4_ros_com/share/px4_ros_com/cmake/ament_cmake_export_targets-extras.cmake
[0.489s] -- Up-to-date symlink: /home/eppl/ws_ros2/install/px4_ros_com/share/px4_ros_com/cmake/ament_cmake_export_include_directories-extras.cmake
[0.489s] -- Up-to-date symlink: /home/eppl/ws_ros2/install/px4_ros_com/share/px4_ros_com/cmake/ament_cmake_export_libraries-extras.cmake
[0.489s] -- Up-to-date symlink: /home/eppl/ws_ros2/install/px4_ros_com/share/px4_ros_com/cmake/px4_ros_comConfig.cmake
[0.489s] -- Up-to-date symlink: /home/eppl/ws_ros2/install/px4_ros_com/share/px4_ros_com/cmake/px4_ros_comConfig-version.cmake
[0.489s] -- Up-to-date symlink: /home/eppl/ws_ros2/install/px4_ros_com/share/px4_ros_com/package.xml
[0.489s] -- Up-to-date: /home/eppl/ws_ros2/install/px4_ros_com/lib/libframe_transforms.so
[0.506s] Listing '/home/eppl/ws_ros2/install/px4_ros_com/local/lib/python3.10/dist-packages/px4_ros_com'...
[0.508s] -- Up-to-date: /home/eppl/ws_ros2/install/px4_ros_com/share/px4_ros_com/cmake/export_frame_transformsExport.cmake
[0.508s] -- Up-to-date: /home/eppl/ws_ros2/install/px4_ros_com/share/px4_ros_com/cmake/export_frame_transformsExport-noconfig.cmake
[0.509s] Invoked command in '/home/eppl/ws_ros2/build/px4_ros_com' returned '0': AMENT_PREFIX_PATH=/home/eppl/ws_ros2/install/px4_msgs:${AMENT_PREFIX_PATH} CMAKE_PREFIX_PATH=/home/eppl/ws_ros2/install/px4_msgs:/opt/ros/humble LD_LIBRARY_PATH=/home/eppl/ws_ros2/install/px4_msgs/lib:${LD_LIBRARY_PATH} PYTHONPATH=/home/eppl/ws_ros2/install/px4_msgs/local/lib/python3.10/dist-packages:${PYTHONPATH} /usr/bin/cmake --install /home/eppl/ws_ros2/build/px4_ros_com
