-- The C compiler identification is GNU 11.4.0
-- The CXX compiler identification is GNU 11.4.0
-- Detecting C compiler ABI info
-- Detecting C compiler ABI info - done
-- Check for working C compiler: /usr/bin/cc - skipped
-- Detecting C compile features
-- Detecting C compile features - done
-- Detecting CXX compiler ABI info
-- Detecting CXX compiler ABI info - done
-- Check for working CXX compiler: /usr/bin/c++ - skipped
-- Detecting CXX compile features
-- Detecting CXX compile features - done
-- Found ament_cmake: 1.3.12 (/opt/ros/humble/share/ament_cmake/cmake)
-- Found Python3: /usr/bin/python3 (found version "3.10.12") found components: Interpreter 
-- Found rclcpp: 16.0.15 (/opt/ros/humble/share/rclcpp/cmake)
-- Found rosidl_generator_c: 3.1.7 (/opt/ros/humble/share/rosidl_generator_c/cmake)
-- Found rosidl_adapter: 3.1.7 (/opt/ros/humble/share/rosidl_adapter/cmake)
-- Found rosidl_generator_cpp: 3.1.7 (/opt/ros/humble/share/rosidl_generator_cpp/cmake)
-- Using all available rosidl_typesupport_c: rosidl_typesupport_fastrtps_c;rosidl_typesupport_introspection_c
-- Using all available rosidl_typesupport_cpp: rosidl_typesupport_fastrtps_cpp;rosidl_typesupport_introspection_cpp
-- Found rmw_implementation_cmake: 6.1.2 (/opt/ros/humble/share/rmw_implementation_cmake/cmake)
-- Found rmw_fastrtps_cpp: 6.2.8 (/opt/ros/humble/share/rmw_fastrtps_cpp/cmake)
-- Found OpenSSL: /usr/lib/x86_64-linux-gnu/libcrypto.so (found version "3.0.2")  
-- Found FastRTPS: /opt/ros/humble/include  
-- Using RMW implementation 'rmw_fastrtps_cpp' as default
-- Looking for pthread.h
-- Looking for pthread.h - found
-- Performing Test CMAKE_HAVE_LIBC_PTHREAD
-- Performing Test CMAKE_HAVE_LIBC_PTHREAD - Success
-- Found Threads: TRUE  
-- Configuring done
-- Generating done
-- Build files have been written to: /home/workspace/build/offboard_control
[ 50%] Building CXX object CMakeFiles/simple_test_node.dir/src/simple_test_node.cpp.o
[ 50%] Building CXX object CMakeFiles/dummy_yaw_publisher.dir/src/dummy_yaw_publisher.cpp.o
[ 75%] Linking CXX executable dummy_yaw_publisher
[ 75%] Built target dummy_yaw_publisher
[100%] Linking CXX executable simple_test_node
[100%] Built target simple_test_node
-- Install configuration: ""
-- Installing: /home/workspace/install/offboard_control/lib/offboard_control/dummy_yaw_publisher
-- Set runtime path of "/home/workspace/install/offboard_control/lib/offboard_control/dummy_yaw_publisher" to ""
-- Installing: /home/workspace/install/offboard_control/lib/offboard_control/simple_test_node
-- Set runtime path of "/home/workspace/install/offboard_control/lib/offboard_control/simple_test_node" to ""
-- Installing: /home/workspace/install/offboard_control/share/offboard_control/launch
-- Installing: /home/workspace/install/offboard_control/share/offboard_control/launch/offboard_yaw_demo.launch.py
-- Installing: /home/workspace/install/offboard_control/share/offboard_control/launch/test_local_no_px4.launch.py
-- Installing: /home/workspace/install/offboard_control/share/offboard_control/launch/simple_test.launch.py
-- Installing: /home/workspace/install/offboard_control/share/offboard_control/launch/test_with_dummy.launch.py
-- Installing: /home/workspace/install/offboard_control/share/ament_index/resource_index/package_run_dependencies/offboard_control
-- Installing: /home/workspace/install/offboard_control/share/ament_index/resource_index/parent_prefix_path/offboard_control
-- Installing: /home/workspace/install/offboard_control/share/offboard_control/environment/ament_prefix_path.sh
-- Installing: /home/workspace/install/offboard_control/share/offboard_control/environment/ament_prefix_path.dsv
-- Installing: /home/workspace/install/offboard_control/share/offboard_control/environment/path.sh
-- Installing: /home/workspace/install/offboard_control/share/offboard_control/environment/path.dsv
-- Installing: /home/workspace/install/offboard_control/share/offboard_control/local_setup.bash
-- Installing: /home/workspace/install/offboard_control/share/offboard_control/local_setup.sh
-- Installing: /home/workspace/install/offboard_control/share/offboard_control/local_setup.zsh
-- Installing: /home/workspace/install/offboard_control/share/offboard_control/local_setup.dsv
-- Installing: /home/workspace/install/offboard_control/share/offboard_control/package.dsv
-- Installing: /home/workspace/install/offboard_control/share/ament_index/resource_index/packages/offboard_control
-- Installing: /home/workspace/install/offboard_control/share/offboard_control/cmake/offboard_controlConfig.cmake
-- Installing: /home/workspace/install/offboard_control/share/offboard_control/cmake/offboard_controlConfig-version.cmake
-- Installing: /home/workspace/install/offboard_control/share/offboard_control/package.xml
