[0.146s] Invoking command in '/home/workspace/build/offboard_control': CMAKE_PREFIX_PATH=/opt/ros/humble /usr/bin/cmake /home/workspace -DCMAKE_INSTALL_PREFIX=/home/workspace/install/offboard_control
[0.632s] -- The C compiler identification is GNU 11.4.0
[0.996s] -- The CXX compiler identification is GNU 11.4.0
[1.045s] -- Detecting C compiler ABI info
[1.727s] -- Detecting C compiler ABI info - done
[1.745s] -- Check for working C compiler: /usr/bin/cc - skipped
[1.745s] -- Detecting C compile features
[1.746s] -- Detecting C compile features - done
[1.757s] -- Detecting CXX compiler ABI info
[2.314s] -- Detecting CXX compiler ABI info - done
[2.331s] -- Check for working CXX compiler: /usr/bin/c++ - skipped
[2.331s] -- Detecting CXX compile features
[2.332s] -- Detecting CXX compile features - done
[2.349s] -- Found ament_cmake: 1.3.12 (/opt/ros/humble/share/ament_cmake/cmake)
[2.897s] -- Found Python3: /usr/bin/python3 (found version "3.10.12") found components: Interpreter 
[3.151s] -- Found rclcpp: 16.0.15 (/opt/ros/humble/share/rclcpp/cmake)
[3.180s] -- Found rosidl_generator_c: 3.1.7 (/opt/ros/humble/share/rosidl_generator_c/cmake)
[3.181s] -- Found rosidl_adapter: 3.1.7 (/opt/ros/humble/share/rosidl_adapter/cmake)
[3.186s] -- Found rosidl_generator_cpp: 3.1.7 (/opt/ros/humble/share/rosidl_generator_cpp/cmake)
[3.198s] -- Using all available rosidl_typesupport_c: rosidl_typesupport_fastrtps_c;rosidl_typesupport_introspection_c
[3.209s] -- Using all available rosidl_typesupport_cpp: rosidl_typesupport_fastrtps_cpp;rosidl_typesupport_introspection_cpp
[3.236s] -- Found rmw_implementation_cmake: 6.1.2 (/opt/ros/humble/share/rmw_implementation_cmake/cmake)
[3.244s] -- Found rmw_fastrtps_cpp: 6.2.8 (/opt/ros/humble/share/rmw_fastrtps_cpp/cmake)
[3.600s] -- Found OpenSSL: /usr/lib/x86_64-linux-gnu/libcrypto.so (found version "3.0.2")  
[3.628s] -- Found FastRTPS: /opt/ros/humble/include  
[3.678s] -- Using RMW implementation 'rmw_fastrtps_cpp' as default
[3.697s] -- Looking for pthread.h
[4.245s] -- Looking for pthread.h - found
[4.247s] -- Performing Test CMAKE_HAVE_LIBC_PTHREAD
[4.807s] -- Performing Test CMAKE_HAVE_LIBC_PTHREAD - Success
[4.812s] -- Found Threads: TRUE  
[5.067s] -- Configuring done
[5.287s] -- Generating done
[5.334s] -- Build files have been written to: /home/workspace/build/offboard_control
[5.342s] Invoked command in '/home/workspace/build/offboard_control' returned '0': CMAKE_PREFIX_PATH=/opt/ros/humble /usr/bin/cmake /home/workspace -DCMAKE_INSTALL_PREFIX=/home/workspace/install/offboard_control
[5.346s] Invoking command in '/home/workspace/build/offboard_control': CMAKE_PREFIX_PATH=/opt/ros/humble /usr/bin/cmake --build /home/workspace/build/offboard_control -- -j8 -l8
[5.734s] [ 50%] Building CXX object CMakeFiles/simple_test_node.dir/src/simple_test_node.cpp.o
[5.734s] [ 50%] Building CXX object CMakeFiles/dummy_yaw_publisher.dir/src/dummy_yaw_publisher.cpp.o
[9.757s] [ 75%] Linking CXX executable dummy_yaw_publisher
[10.289s] [ 75%] Built target dummy_yaw_publisher
[12.780s] [100%] Linking CXX executable simple_test_node
[13.792s] [100%] Built target simple_test_node
[13.857s] Invoked command in '/home/workspace/build/offboard_control' returned '0': CMAKE_PREFIX_PATH=/opt/ros/humble /usr/bin/cmake --build /home/workspace/build/offboard_control -- -j8 -l8
[13.905s] Invoking command in '/home/workspace/build/offboard_control': CMAKE_PREFIX_PATH=/opt/ros/humble /usr/bin/cmake --install /home/workspace/build/offboard_control
[13.952s] -- Install configuration: ""
[14.005s] -- Installing: /home/workspace/install/offboard_control/lib/offboard_control/dummy_yaw_publisher
[14.022s] -- Set runtime path of "/home/workspace/install/offboard_control/lib/offboard_control/dummy_yaw_publisher" to ""
[14.023s] -- Installing: /home/workspace/install/offboard_control/lib/offboard_control/simple_test_node
[14.060s] -- Set runtime path of "/home/workspace/install/offboard_control/lib/offboard_control/simple_test_node" to ""
[14.077s] -- Installing: /home/workspace/install/offboard_control/share/offboard_control/launch
[14.102s] -- Installing: /home/workspace/install/offboard_control/share/offboard_control/launch/offboard_yaw_demo.launch.py
[14.105s] -- Installing: /home/workspace/install/offboard_control/share/offboard_control/launch/test_local_no_px4.launch.py
[14.109s] -- Installing: /home/workspace/install/offboard_control/share/offboard_control/launch/simple_test.launch.py
[14.113s] -- Installing: /home/workspace/install/offboard_control/share/offboard_control/launch/test_with_dummy.launch.py
[14.147s] -- Installing: /home/workspace/install/offboard_control/share/ament_index/resource_index/package_run_dependencies/offboard_control
[14.160s] -- Installing: /home/workspace/install/offboard_control/share/ament_index/resource_index/parent_prefix_path/offboard_control
[14.173s] -- Installing: /home/workspace/install/offboard_control/share/offboard_control/environment/ament_prefix_path.sh
[14.176s] -- Installing: /home/workspace/install/offboard_control/share/offboard_control/environment/ament_prefix_path.dsv
[14.180s] -- Installing: /home/workspace/install/offboard_control/share/offboard_control/environment/path.sh
[14.184s] -- Installing: /home/workspace/install/offboard_control/share/offboard_control/environment/path.dsv
[14.188s] -- Installing: /home/workspace/install/offboard_control/share/offboard_control/local_setup.bash
[14.191s] -- Installing: /home/workspace/install/offboard_control/share/offboard_control/local_setup.sh
[14.195s] -- Installing: /home/workspace/install/offboard_control/share/offboard_control/local_setup.zsh
[14.199s] -- Installing: /home/workspace/install/offboard_control/share/offboard_control/local_setup.dsv
[14.202s] -- Installing: /home/workspace/install/offboard_control/share/offboard_control/package.dsv
[14.214s] -- Installing: /home/workspace/install/offboard_control/share/ament_index/resource_index/packages/offboard_control
[14.226s] -- Installing: /home/workspace/install/offboard_control/share/offboard_control/cmake/offboard_controlConfig.cmake
[14.229s] -- Installing: /home/workspace/install/offboard_control/share/offboard_control/cmake/offboard_controlConfig-version.cmake
[14.233s] -- Installing: /home/workspace/install/offboard_control/share/offboard_control/package.xml
[14.246s] Invoked command in '/home/workspace/build/offboard_control' returned '0': CMAKE_PREFIX_PATH=/opt/ros/humble /usr/bin/cmake --install /home/workspace/build/offboard_control
