[0.048s] DEBUG:colcon:Command line arguments: ['/usr/bin/colcon', 'build', '--symlink-install']
[0.048s] DEBUG:colcon:Parsed command line arguments: Namespace(log_base=None, log_level=None, verb_name='build', build_base='build', install_base='install', merge_install=False, symlink_install=True, test_result_base=None, continue_on_error=False, executor='parallel', parallel_workers=32, event_handlers=None, ignore_user_meta=False, metas=['./colcon.meta'], base_paths=['.'], packages_ignore=None, packages_ignore_regex=None, paths=None, packages_up_to=None, packages_up_to_regex=None, packages_above=None, packages_above_and_dependencies=None, packages_above_depth=None, packages_select_by_dep=None, packages_skip_by_dep=None, packages_skip_up_to=None, packages_select_build_failed=False, packages_skip_build_finished=False, packages_select_test_failures=False, packages_skip_test_passed=False, packages_select=None, packages_skip=None, packages_select_regex=None, packages_skip_regex=None, packages_start=None, packages_end=None, allow_overriding=[], cmake_args=None, cmake_target=None, cmake_target_skip_unavailable=False, cmake_clean_cache=False, cmake_clean_first=False, cmake_force_configure=False, ament_cmake_args=None, catkin_cmake_args=None, catkin_skip_building_tests=False, mixin_files=None, mixin=None, verb_parser=<colcon_mixin.mixin.mixin_argument.MixinArgumentDecorator object at 0x7758a3e7fe80>, verb_extension=<colcon_core.verb.build.BuildVerb object at 0x7758a3e7f9d0>, main=<bound method BuildVerb.main of <colcon_core.verb.build.BuildVerb object at 0x7758a3e7f9d0>>, mixin_verb=('build',))
[0.067s] Level 1:colcon.colcon_core.package_discovery:discover_packages(colcon_meta) check parameters
[0.067s] Level 1:colcon.colcon_core.package_discovery:discover_packages(recursive) check parameters
[0.067s] Level 1:colcon.colcon_core.package_discovery:discover_packages(ignore) check parameters
[0.067s] Level 1:colcon.colcon_core.package_discovery:discover_packages(path) check parameters
[0.067s] Level 1:colcon.colcon_core.package_discovery:discover_packages(colcon_meta) discover
[0.067s] Level 1:colcon.colcon_core.package_discovery:discover_packages(recursive) discover
[0.067s] INFO:colcon.colcon_core.package_discovery:Crawling recursively for packages in '/home/eppl/ws_ros2'
[0.067s] Level 1:colcon.colcon_core.package_identification:_identify(.) by extensions ['ignore', 'ignore_ament_install']
[0.067s] Level 1:colcon.colcon_core.package_identification:_identify(.) by extension 'ignore'
[0.067s] Level 1:colcon.colcon_core.package_identification:_identify(.) by extension 'ignore_ament_install'
[0.067s] Level 1:colcon.colcon_core.package_identification:_identify(.) by extensions ['colcon_pkg']
[0.067s] Level 1:colcon.colcon_core.package_identification:_identify(.) by extension 'colcon_pkg'
[0.068s] Level 1:colcon.colcon_core.package_identification:_identify(.) by extensions ['colcon_meta']
[0.068s] Level 1:colcon.colcon_core.package_identification:_identify(.) by extension 'colcon_meta'
[0.068s] Level 1:colcon.colcon_core.package_identification:_identify(.) by extensions ['ros']
[0.068s] Level 1:colcon.colcon_core.package_identification:_identify(.) by extension 'ros'
[0.075s] Level 1:colcon.colcon_core.package_identification:_identify(.) by extensions ['cmake', 'python']
[0.075s] Level 1:colcon.colcon_core.package_identification:_identify(.) by extension 'cmake'
[0.076s] Level 1:colcon.colcon_core.package_identification:_identify(.) by extension 'python'
[0.076s] Level 1:colcon.colcon_core.package_identification:_identify(.) by extensions ['python_setup_py']
[0.076s] Level 1:colcon.colcon_core.package_identification:_identify(.) by extension 'python_setup_py'
[0.076s] Level 1:colcon.colcon_core.package_identification:_identify(build) by extensions ['ignore', 'ignore_ament_install']
[0.076s] Level 1:colcon.colcon_core.package_identification:_identify(build) by extension 'ignore'
[0.076s] Level 1:colcon.colcon_core.package_identification:_identify(build) ignored
[0.076s] Level 1:colcon.colcon_core.package_identification:_identify(install) by extensions ['ignore', 'ignore_ament_install']
[0.076s] Level 1:colcon.colcon_core.package_identification:_identify(install) by extension 'ignore'
[0.076s] Level 1:colcon.colcon_core.package_identification:_identify(install) ignored
[0.076s] Level 1:colcon.colcon_core.package_identification:_identify(log) by extensions ['ignore', 'ignore_ament_install']
[0.076s] Level 1:colcon.colcon_core.package_identification:_identify(log) by extension 'ignore'
[0.076s] Level 1:colcon.colcon_core.package_identification:_identify(log) ignored
[0.076s] Level 1:colcon.colcon_core.package_identification:_identify(src) by extensions ['ignore', 'ignore_ament_install']
[0.076s] Level 1:colcon.colcon_core.package_identification:_identify(src) by extension 'ignore'
[0.076s] Level 1:colcon.colcon_core.package_identification:_identify(src) by extension 'ignore_ament_install'
[0.076s] Level 1:colcon.colcon_core.package_identification:_identify(src) by extensions ['colcon_pkg']
[0.076s] Level 1:colcon.colcon_core.package_identification:_identify(src) by extension 'colcon_pkg'
[0.076s] Level 1:colcon.colcon_core.package_identification:_identify(src) by extensions ['colcon_meta']
[0.076s] Level 1:colcon.colcon_core.package_identification:_identify(src) by extension 'colcon_meta'
[0.076s] Level 1:colcon.colcon_core.package_identification:_identify(src) by extensions ['ros']
[0.076s] Level 1:colcon.colcon_core.package_identification:_identify(src) by extension 'ros'
[0.076s] Level 1:colcon.colcon_core.package_identification:_identify(src) by extensions ['cmake', 'python']
[0.076s] Level 1:colcon.colcon_core.package_identification:_identify(src) by extension 'cmake'
[0.076s] Level 1:colcon.colcon_core.package_identification:_identify(src) by extension 'python'
[0.076s] Level 1:colcon.colcon_core.package_identification:_identify(src) by extensions ['python_setup_py']
[0.076s] Level 1:colcon.colcon_core.package_identification:_identify(src) by extension 'python_setup_py'
[0.076s] Level 1:colcon.colcon_core.package_identification:_identify(src/px4_msgs) by extensions ['ignore', 'ignore_ament_install']
[0.076s] Level 1:colcon.colcon_core.package_identification:_identify(src/px4_msgs) by extension 'ignore'
[0.076s] Level 1:colcon.colcon_core.package_identification:_identify(src/px4_msgs) by extension 'ignore_ament_install'
[0.076s] Level 1:colcon.colcon_core.package_identification:_identify(src/px4_msgs) by extensions ['colcon_pkg']
[0.076s] Level 1:colcon.colcon_core.package_identification:_identify(src/px4_msgs) by extension 'colcon_pkg'
[0.076s] Level 1:colcon.colcon_core.package_identification:_identify(src/px4_msgs) by extensions ['colcon_meta']
[0.076s] Level 1:colcon.colcon_core.package_identification:_identify(src/px4_msgs) by extension 'colcon_meta'
[0.076s] Level 1:colcon.colcon_core.package_identification:_identify(src/px4_msgs) by extensions ['ros']
[0.076s] Level 1:colcon.colcon_core.package_identification:_identify(src/px4_msgs) by extension 'ros'
[0.077s] DEBUG:colcon.colcon_core.package_identification:Package 'src/px4_msgs' with type 'ros.ament_cmake' and name 'px4_msgs'
[0.077s] Level 1:colcon.colcon_core.package_identification:_identify(src/px4_ros_com) by extensions ['ignore', 'ignore_ament_install']
[0.078s] Level 1:colcon.colcon_core.package_identification:_identify(src/px4_ros_com) by extension 'ignore'
[0.078s] Level 1:colcon.colcon_core.package_identification:_identify(src/px4_ros_com) by extension 'ignore_ament_install'
[0.078s] Level 1:colcon.colcon_core.package_identification:_identify(src/px4_ros_com) by extensions ['colcon_pkg']
[0.078s] Level 1:colcon.colcon_core.package_identification:_identify(src/px4_ros_com) by extension 'colcon_pkg'
[0.078s] Level 1:colcon.colcon_core.package_identification:_identify(src/px4_ros_com) by extensions ['colcon_meta']
[0.078s] Level 1:colcon.colcon_core.package_identification:_identify(src/px4_ros_com) by extension 'colcon_meta'
[0.078s] Level 1:colcon.colcon_core.package_identification:_identify(src/px4_ros_com) by extensions ['ros']
[0.078s] Level 1:colcon.colcon_core.package_identification:_identify(src/px4_ros_com) by extension 'ros'
[0.078s] DEBUG:colcon.colcon_core.package_identification:Package 'src/px4_ros_com' with type 'ros.ament_cmake' and name 'px4_ros_com'
[0.078s] Level 1:colcon.colcon_core.package_discovery:discover_packages(recursive) using defaults
[0.078s] Level 1:colcon.colcon_core.package_discovery:discover_packages(ignore) discover
[0.078s] Level 1:colcon.colcon_core.package_discovery:discover_packages(ignore) using defaults
[0.078s] Level 1:colcon.colcon_core.package_discovery:discover_packages(path) discover
[0.078s] Level 1:colcon.colcon_core.package_discovery:discover_packages(path) using defaults
[0.088s] Level 1:colcon.colcon_core.package_discovery:discover_packages(prefix_path) check parameters
[0.088s] Level 1:colcon.colcon_core.package_discovery:discover_packages(prefix_path) discover
[0.089s] DEBUG:colcon.colcon_installed_package_information.package_discovery:Found 271 installed packages in /opt/ros/humble
[0.089s] Level 1:colcon.colcon_core.package_discovery:discover_packages(prefix_path) using defaults
[0.105s] Level 5:colcon.colcon_core.verb:set package 'px4_msgs' build argument 'cmake_args' from command line to 'None'
[0.105s] Level 5:colcon.colcon_core.verb:set package 'px4_msgs' build argument 'cmake_target' from command line to 'None'
[0.105s] Level 5:colcon.colcon_core.verb:set package 'px4_msgs' build argument 'cmake_target_skip_unavailable' from command line to 'False'
[0.105s] Level 5:colcon.colcon_core.verb:set package 'px4_msgs' build argument 'cmake_clean_cache' from command line to 'False'
[0.105s] Level 5:colcon.colcon_core.verb:set package 'px4_msgs' build argument 'cmake_clean_first' from command line to 'False'
[0.105s] Level 5:colcon.colcon_core.verb:set package 'px4_msgs' build argument 'cmake_force_configure' from command line to 'False'
[0.105s] Level 5:colcon.colcon_core.verb:set package 'px4_msgs' build argument 'ament_cmake_args' from command line to 'None'
[0.105s] Level 5:colcon.colcon_core.verb:set package 'px4_msgs' build argument 'catkin_cmake_args' from command line to 'None'
[0.105s] Level 5:colcon.colcon_core.verb:set package 'px4_msgs' build argument 'catkin_skip_building_tests' from command line to 'False'
[0.105s] DEBUG:colcon.colcon_core.verb:Building package 'px4_msgs' with the following arguments: {'ament_cmake_args': None, 'build_base': '/home/eppl/ws_ros2/build/px4_msgs', 'catkin_cmake_args': None, 'catkin_skip_building_tests': False, 'cmake_args': None, 'cmake_clean_cache': False, 'cmake_clean_first': False, 'cmake_force_configure': False, 'cmake_target': None, 'cmake_target_skip_unavailable': False, 'install_base': '/home/eppl/ws_ros2/install/px4_msgs', 'merge_install': False, 'path': '/home/eppl/ws_ros2/src/px4_msgs', 'symlink_install': True, 'test_result_base': None}
[0.105s] Level 5:colcon.colcon_core.verb:set package 'px4_ros_com' build argument 'cmake_args' from command line to 'None'
[0.105s] Level 5:colcon.colcon_core.verb:set package 'px4_ros_com' build argument 'cmake_target' from command line to 'None'
[0.105s] Level 5:colcon.colcon_core.verb:set package 'px4_ros_com' build argument 'cmake_target_skip_unavailable' from command line to 'False'
[0.105s] Level 5:colcon.colcon_core.verb:set package 'px4_ros_com' build argument 'cmake_clean_cache' from command line to 'False'
[0.105s] Level 5:colcon.colcon_core.verb:set package 'px4_ros_com' build argument 'cmake_clean_first' from command line to 'False'
[0.105s] Level 5:colcon.colcon_core.verb:set package 'px4_ros_com' build argument 'cmake_force_configure' from command line to 'False'
[0.105s] Level 5:colcon.colcon_core.verb:set package 'px4_ros_com' build argument 'ament_cmake_args' from command line to 'None'
[0.105s] Level 5:colcon.colcon_core.verb:set package 'px4_ros_com' build argument 'catkin_cmake_args' from command line to 'None'
[0.105s] Level 5:colcon.colcon_core.verb:set package 'px4_ros_com' build argument 'catkin_skip_building_tests' from command line to 'False'
[0.105s] DEBUG:colcon.colcon_core.verb:Building package 'px4_ros_com' with the following arguments: {'ament_cmake_args': None, 'build_base': '/home/eppl/ws_ros2/build/px4_ros_com', 'catkin_cmake_args': None, 'catkin_skip_building_tests': False, 'cmake_args': None, 'cmake_clean_cache': False, 'cmake_clean_first': False, 'cmake_force_configure': False, 'cmake_target': None, 'cmake_target_skip_unavailable': False, 'install_base': '/home/eppl/ws_ros2/install/px4_ros_com', 'merge_install': False, 'path': '/home/eppl/ws_ros2/src/px4_ros_com', 'symlink_install': True, 'test_result_base': None}
[0.105s] INFO:colcon.colcon_core.executor:Executing jobs using 'parallel' executor
[0.106s] DEBUG:colcon.colcon_parallel_executor.executor.parallel:run_until_complete
[0.106s] INFO:colcon.colcon_ros.task.ament_cmake.build:Building ROS package in '/home/eppl/ws_ros2/src/px4_msgs' with build type 'ament_cmake'
[0.106s] INFO:colcon.colcon_cmake.task.cmake.build:Building CMake package in '/home/eppl/ws_ros2/src/px4_msgs'
[0.107s] INFO:colcon.colcon_core.plugin_system:Skipping extension 'colcon_core.shell.bat': Not used on non-Windows systems
[0.107s] INFO:colcon.colcon_core.shell:Skip shell extension 'powershell' for command environment: Not usable outside of PowerShell
[0.107s] DEBUG:colcon.colcon_core.shell:Skip shell extension 'dsv' for command environment
[0.111s] DEBUG:colcon.colcon_core.event_handler.log_command:Invoking command in '/home/eppl/ws_ros2/build/px4_msgs': CMAKE_PREFIX_PATH=/opt/ros/humble /usr/bin/cmake /home/eppl/ws_ros2/src/px4_msgs -DAMENT_CMAKE_SYMLINK_INSTALL=1 -DCMAKE_INSTALL_PREFIX=/home/eppl/ws_ros2/install/px4_msgs
[1.851s] DEBUG:colcon.colcon_core.event_handler.log_command:Invoked command in '/home/eppl/ws_ros2/build/px4_msgs' returned '0': CMAKE_PREFIX_PATH=/opt/ros/humble /usr/bin/cmake /home/eppl/ws_ros2/src/px4_msgs -DAMENT_CMAKE_SYMLINK_INSTALL=1 -DCMAKE_INSTALL_PREFIX=/home/eppl/ws_ros2/install/px4_msgs
[1.853s] DEBUG:colcon.colcon_core.event_handler.log_command:Invoking command in '/home/eppl/ws_ros2/build/px4_msgs': CMAKE_PREFIX_PATH=/opt/ros/humble /usr/bin/cmake --build /home/eppl/ws_ros2/build/px4_msgs -- -j32 -l32
[95.587s] DEBUG:colcon.colcon_core.event_handler.log_command:Invoked command in '/home/eppl/ws_ros2/build/px4_msgs' returned '0': CMAKE_PREFIX_PATH=/opt/ros/humble /usr/bin/cmake --build /home/eppl/ws_ros2/build/px4_msgs -- -j32 -l32
[95.591s] DEBUG:colcon.colcon_core.event_handler.log_command:Invoking command in '/home/eppl/ws_ros2/build/px4_msgs': CMAKE_PREFIX_PATH=/opt/ros/humble /usr/bin/cmake --install /home/eppl/ws_ros2/build/px4_msgs
[111.802s] Level 1:colcon.colcon_core.environment:create_environment_scripts_only(px4_msgs)
[111.802s] DEBUG:colcon.colcon_core.event_handler.log_command:Invoked command in '/home/eppl/ws_ros2/build/px4_msgs' returned '0': CMAKE_PREFIX_PATH=/opt/ros/humble /usr/bin/cmake --install /home/eppl/ws_ros2/build/px4_msgs
[111.803s] Level 1:colcon.colcon_core.environment:checking '/home/eppl/ws_ros2/install/px4_msgs' for CMake module files
[111.804s] Level 1:colcon.colcon_core.environment:checking '/home/eppl/ws_ros2/install/px4_msgs' for CMake config files
[111.814s] Level 1:colcon.colcon_core.shell:create_environment_hook('px4_msgs', 'cmake_prefix_path')
[111.814s] INFO:colcon.colcon_core.shell:Creating environment hook '/home/eppl/ws_ros2/install/px4_msgs/share/px4_msgs/hook/cmake_prefix_path.ps1'
[111.815s] INFO:colcon.colcon_core.shell:Creating environment descriptor '/home/eppl/ws_ros2/install/px4_msgs/share/px4_msgs/hook/cmake_prefix_path.dsv'
[111.815s] INFO:colcon.colcon_core.shell:Creating environment hook '/home/eppl/ws_ros2/install/px4_msgs/share/px4_msgs/hook/cmake_prefix_path.sh'
[111.815s] Level 1:colcon.colcon_core.environment:checking '/home/eppl/ws_ros2/install/px4_msgs/lib'
[111.815s] Level 1:colcon.colcon_core.shell:create_environment_hook('px4_msgs', 'ld_library_path_lib')
[111.816s] INFO:colcon.colcon_core.shell:Creating environment hook '/home/eppl/ws_ros2/install/px4_msgs/share/px4_msgs/hook/ld_library_path_lib.ps1'
[111.816s] INFO:colcon.colcon_core.shell:Creating environment descriptor '/home/eppl/ws_ros2/install/px4_msgs/share/px4_msgs/hook/ld_library_path_lib.dsv'
[111.816s] INFO:colcon.colcon_core.shell:Creating environment hook '/home/eppl/ws_ros2/install/px4_msgs/share/px4_msgs/hook/ld_library_path_lib.sh'
[111.816s] Level 1:colcon.colcon_core.environment:checking '/home/eppl/ws_ros2/install/px4_msgs/bin'
[111.816s] Level 1:colcon.colcon_core.environment:checking '/home/eppl/ws_ros2/install/px4_msgs/lib/pkgconfig/px4_msgs.pc'
[111.816s] Level 1:colcon.colcon_core.environment:checking '/home/eppl/ws_ros2/install/px4_msgs/lib/python3.10/site-packages'
[111.816s] Level 1:colcon.colcon_core.environment:checking '/home/eppl/ws_ros2/install/px4_msgs/bin'
[111.816s] INFO:colcon.colcon_core.shell:Creating package script '/home/eppl/ws_ros2/install/px4_msgs/share/px4_msgs/package.ps1'
[111.817s] INFO:colcon.colcon_core.shell:Creating package descriptor '/home/eppl/ws_ros2/install/px4_msgs/share/px4_msgs/package.dsv'
[111.817s] INFO:colcon.colcon_core.shell:Creating package script '/home/eppl/ws_ros2/install/px4_msgs/share/px4_msgs/package.sh'
[111.817s] INFO:colcon.colcon_core.shell:Creating package script '/home/eppl/ws_ros2/install/px4_msgs/share/px4_msgs/package.bash'
[111.817s] INFO:colcon.colcon_core.shell:Creating package script '/home/eppl/ws_ros2/install/px4_msgs/share/px4_msgs/package.zsh'
[111.817s] Level 1:colcon.colcon_core.environment:create_file_with_runtime_dependencies(/home/eppl/ws_ros2/install/px4_msgs/share/colcon-core/packages/px4_msgs)
[111.818s] Level 1:colcon.colcon_core.environment:create_environment_scripts_only(px4_msgs)
[111.818s] Level 1:colcon.colcon_core.environment:checking '/home/eppl/ws_ros2/install/px4_msgs' for CMake module files
[111.819s] Level 1:colcon.colcon_core.environment:checking '/home/eppl/ws_ros2/install/px4_msgs' for CMake config files
[111.827s] Level 1:colcon.colcon_core.shell:create_environment_hook('px4_msgs', 'cmake_prefix_path')
[111.827s] INFO:colcon.colcon_core.shell:Creating environment hook '/home/eppl/ws_ros2/install/px4_msgs/share/px4_msgs/hook/cmake_prefix_path.ps1'
[111.827s] INFO:colcon.colcon_core.shell:Creating environment descriptor '/home/eppl/ws_ros2/install/px4_msgs/share/px4_msgs/hook/cmake_prefix_path.dsv'
[111.827s] INFO:colcon.colcon_core.shell:Creating environment hook '/home/eppl/ws_ros2/install/px4_msgs/share/px4_msgs/hook/cmake_prefix_path.sh'
[111.827s] Level 1:colcon.colcon_core.environment:checking '/home/eppl/ws_ros2/install/px4_msgs/lib'
[111.827s] Level 1:colcon.colcon_core.shell:create_environment_hook('px4_msgs', 'ld_library_path_lib')
[111.827s] INFO:colcon.colcon_core.shell:Creating environment hook '/home/eppl/ws_ros2/install/px4_msgs/share/px4_msgs/hook/ld_library_path_lib.ps1'
[111.828s] INFO:colcon.colcon_core.shell:Creating environment descriptor '/home/eppl/ws_ros2/install/px4_msgs/share/px4_msgs/hook/ld_library_path_lib.dsv'
[111.828s] INFO:colcon.colcon_core.shell:Creating environment hook '/home/eppl/ws_ros2/install/px4_msgs/share/px4_msgs/hook/ld_library_path_lib.sh'
[111.828s] Level 1:colcon.colcon_core.environment:checking '/home/eppl/ws_ros2/install/px4_msgs/bin'
[111.828s] Level 1:colcon.colcon_core.environment:checking '/home/eppl/ws_ros2/install/px4_msgs/lib/pkgconfig/px4_msgs.pc'
[111.828s] Level 1:colcon.colcon_core.environment:checking '/home/eppl/ws_ros2/install/px4_msgs/lib/python3.10/site-packages'
[111.828s] Level 1:colcon.colcon_core.environment:checking '/home/eppl/ws_ros2/install/px4_msgs/bin'
[111.828s] INFO:colcon.colcon_core.shell:Creating package script '/home/eppl/ws_ros2/install/px4_msgs/share/px4_msgs/package.ps1'
[111.828s] INFO:colcon.colcon_core.shell:Creating package descriptor '/home/eppl/ws_ros2/install/px4_msgs/share/px4_msgs/package.dsv'
[111.829s] INFO:colcon.colcon_core.shell:Creating package script '/home/eppl/ws_ros2/install/px4_msgs/share/px4_msgs/package.sh'
[111.829s] INFO:colcon.colcon_core.shell:Creating package script '/home/eppl/ws_ros2/install/px4_msgs/share/px4_msgs/package.bash'
[111.829s] INFO:colcon.colcon_core.shell:Creating package script '/home/eppl/ws_ros2/install/px4_msgs/share/px4_msgs/package.zsh'
[111.829s] Level 1:colcon.colcon_core.environment:create_file_with_runtime_dependencies(/home/eppl/ws_ros2/install/px4_msgs/share/colcon-core/packages/px4_msgs)
[111.829s] INFO:colcon.colcon_ros.task.ament_cmake.build:Building ROS package in '/home/eppl/ws_ros2/src/px4_ros_com' with build type 'ament_cmake'
[111.829s] INFO:colcon.colcon_cmake.task.cmake.build:Building CMake package in '/home/eppl/ws_ros2/src/px4_ros_com'
[111.829s] INFO:colcon.colcon_core.shell:Skip shell extension 'powershell' for command environment: Not usable outside of PowerShell
[111.829s] DEBUG:colcon.colcon_core.shell:Skip shell extension 'dsv' for command environment
[111.834s] DEBUG:colcon.colcon_core.event_handler.log_command:Invoking command in '/home/eppl/ws_ros2/build/px4_ros_com': AMENT_PREFIX_PATH=/home/eppl/ws_ros2/install/px4_msgs:${AMENT_PREFIX_PATH} CMAKE_PREFIX_PATH=/home/eppl/ws_ros2/install/px4_msgs:/opt/ros/humble LD_LIBRARY_PATH=/home/eppl/ws_ros2/install/px4_msgs/lib:${LD_LIBRARY_PATH} PYTHONPATH=/home/eppl/ws_ros2/install/px4_msgs/local/lib/python3.10/dist-packages:${PYTHONPATH} /usr/bin/cmake /home/eppl/ws_ros2/src/px4_ros_com -DAMENT_CMAKE_SYMLINK_INSTALL=1 -DCMAKE_INSTALL_PREFIX=/home/eppl/ws_ros2/install/px4_ros_com
[112.536s] DEBUG:colcon.colcon_core.event_handler.log_command:Invoked command in '/home/eppl/ws_ros2/build/px4_ros_com' returned '0': AMENT_PREFIX_PATH=/home/eppl/ws_ros2/install/px4_msgs:${AMENT_PREFIX_PATH} CMAKE_PREFIX_PATH=/home/eppl/ws_ros2/install/px4_msgs:/opt/ros/humble LD_LIBRARY_PATH=/home/eppl/ws_ros2/install/px4_msgs/lib:${LD_LIBRARY_PATH} PYTHONPATH=/home/eppl/ws_ros2/install/px4_msgs/local/lib/python3.10/dist-packages:${PYTHONPATH} /usr/bin/cmake /home/eppl/ws_ros2/src/px4_ros_com -DAMENT_CMAKE_SYMLINK_INSTALL=1 -DCMAKE_INSTALL_PREFIX=/home/eppl/ws_ros2/install/px4_ros_com
[112.537s] DEBUG:colcon.colcon_core.event_handler.log_command:Invoking command in '/home/eppl/ws_ros2/build/px4_ros_com': AMENT_PREFIX_PATH=/home/eppl/ws_ros2/install/px4_msgs:${AMENT_PREFIX_PATH} CMAKE_PREFIX_PATH=/home/eppl/ws_ros2/install/px4_msgs:/opt/ros/humble LD_LIBRARY_PATH=/home/eppl/ws_ros2/install/px4_msgs/lib:${LD_LIBRARY_PATH} PYTHONPATH=/home/eppl/ws_ros2/install/px4_msgs/local/lib/python3.10/dist-packages:${PYTHONPATH} /usr/bin/cmake --build /home/eppl/ws_ros2/build/px4_ros_com -- -j32 -l32
[116.608s] DEBUG:colcon.colcon_core.event_handler.log_command:Invoked command in '/home/eppl/ws_ros2/build/px4_ros_com' returned '0': AMENT_PREFIX_PATH=/home/eppl/ws_ros2/install/px4_msgs:${AMENT_PREFIX_PATH} CMAKE_PREFIX_PATH=/home/eppl/ws_ros2/install/px4_msgs:/opt/ros/humble LD_LIBRARY_PATH=/home/eppl/ws_ros2/install/px4_msgs/lib:${LD_LIBRARY_PATH} PYTHONPATH=/home/eppl/ws_ros2/install/px4_msgs/local/lib/python3.10/dist-packages:${PYTHONPATH} /usr/bin/cmake --build /home/eppl/ws_ros2/build/px4_ros_com -- -j32 -l32
[116.608s] DEBUG:colcon.colcon_core.event_handler.log_command:Invoking command in '/home/eppl/ws_ros2/build/px4_ros_com': AMENT_PREFIX_PATH=/home/eppl/ws_ros2/install/px4_msgs:${AMENT_PREFIX_PATH} CMAKE_PREFIX_PATH=/home/eppl/ws_ros2/install/px4_msgs:/opt/ros/humble LD_LIBRARY_PATH=/home/eppl/ws_ros2/install/px4_msgs/lib:${LD_LIBRARY_PATH} PYTHONPATH=/home/eppl/ws_ros2/install/px4_msgs/local/lib/python3.10/dist-packages:${PYTHONPATH} /usr/bin/cmake --install /home/eppl/ws_ros2/build/px4_ros_com
[116.797s] Level 1:colcon.colcon_core.environment:create_environment_scripts_only(px4_ros_com)
[116.797s] Level 1:colcon.colcon_core.environment:checking '/home/eppl/ws_ros2/install/px4_ros_com' for CMake module files
[116.797s] DEBUG:colcon.colcon_core.event_handler.log_command:Invoked command in '/home/eppl/ws_ros2/build/px4_ros_com' returned '0': AMENT_PREFIX_PATH=/home/eppl/ws_ros2/install/px4_msgs:${AMENT_PREFIX_PATH} CMAKE_PREFIX_PATH=/home/eppl/ws_ros2/install/px4_msgs:/opt/ros/humble LD_LIBRARY_PATH=/home/eppl/ws_ros2/install/px4_msgs/lib:${LD_LIBRARY_PATH} PYTHONPATH=/home/eppl/ws_ros2/install/px4_msgs/local/lib/python3.10/dist-packages:${PYTHONPATH} /usr/bin/cmake --install /home/eppl/ws_ros2/build/px4_ros_com
[116.797s] Level 1:colcon.colcon_core.environment:checking '/home/eppl/ws_ros2/install/px4_ros_com' for CMake config files
[116.797s] Level 1:colcon.colcon_core.shell:create_environment_hook('px4_ros_com', 'cmake_prefix_path')
[116.798s] INFO:colcon.colcon_core.shell:Creating environment hook '/home/eppl/ws_ros2/install/px4_ros_com/share/px4_ros_com/hook/cmake_prefix_path.ps1'
[116.798s] INFO:colcon.colcon_core.shell:Creating environment descriptor '/home/eppl/ws_ros2/install/px4_ros_com/share/px4_ros_com/hook/cmake_prefix_path.dsv'
[116.798s] INFO:colcon.colcon_core.shell:Creating environment hook '/home/eppl/ws_ros2/install/px4_ros_com/share/px4_ros_com/hook/cmake_prefix_path.sh'
[116.798s] Level 1:colcon.colcon_core.environment:checking '/home/eppl/ws_ros2/install/px4_ros_com/lib'
[116.798s] Level 1:colcon.colcon_core.shell:create_environment_hook('px4_ros_com', 'ld_library_path_lib')
[116.798s] INFO:colcon.colcon_core.shell:Creating environment hook '/home/eppl/ws_ros2/install/px4_ros_com/share/px4_ros_com/hook/ld_library_path_lib.ps1'
[116.798s] INFO:colcon.colcon_core.shell:Creating environment descriptor '/home/eppl/ws_ros2/install/px4_ros_com/share/px4_ros_com/hook/ld_library_path_lib.dsv'
[116.798s] INFO:colcon.colcon_core.shell:Creating environment hook '/home/eppl/ws_ros2/install/px4_ros_com/share/px4_ros_com/hook/ld_library_path_lib.sh'
[116.799s] Level 1:colcon.colcon_core.environment:checking '/home/eppl/ws_ros2/install/px4_ros_com/bin'
[116.799s] Level 1:colcon.colcon_core.environment:checking '/home/eppl/ws_ros2/install/px4_ros_com/lib/pkgconfig/px4_ros_com.pc'
[116.799s] Level 1:colcon.colcon_core.environment:checking '/home/eppl/ws_ros2/install/px4_ros_com/lib/python3.10/site-packages'
[116.799s] Level 1:colcon.colcon_core.environment:checking '/home/eppl/ws_ros2/install/px4_ros_com/bin'
[116.799s] INFO:colcon.colcon_core.shell:Creating package script '/home/eppl/ws_ros2/install/px4_ros_com/share/px4_ros_com/package.ps1'
[116.799s] INFO:colcon.colcon_core.shell:Creating package descriptor '/home/eppl/ws_ros2/install/px4_ros_com/share/px4_ros_com/package.dsv'
[116.799s] INFO:colcon.colcon_core.shell:Creating package script '/home/eppl/ws_ros2/install/px4_ros_com/share/px4_ros_com/package.sh'
[116.799s] INFO:colcon.colcon_core.shell:Creating package script '/home/eppl/ws_ros2/install/px4_ros_com/share/px4_ros_com/package.bash'
[116.800s] INFO:colcon.colcon_core.shell:Creating package script '/home/eppl/ws_ros2/install/px4_ros_com/share/px4_ros_com/package.zsh'
[116.800s] Level 1:colcon.colcon_core.environment:create_file_with_runtime_dependencies(/home/eppl/ws_ros2/install/px4_ros_com/share/colcon-core/packages/px4_ros_com)
[116.800s] Level 1:colcon.colcon_core.environment:create_environment_scripts_only(px4_ros_com)
[116.800s] Level 1:colcon.colcon_core.environment:checking '/home/eppl/ws_ros2/install/px4_ros_com' for CMake module files
[116.800s] Level 1:colcon.colcon_core.environment:checking '/home/eppl/ws_ros2/install/px4_ros_com' for CMake config files
[116.800s] Level 1:colcon.colcon_core.shell:create_environment_hook('px4_ros_com', 'cmake_prefix_path')
[116.800s] INFO:colcon.colcon_core.shell:Creating environment hook '/home/eppl/ws_ros2/install/px4_ros_com/share/px4_ros_com/hook/cmake_prefix_path.ps1'
[116.801s] INFO:colcon.colcon_core.shell:Creating environment descriptor '/home/eppl/ws_ros2/install/px4_ros_com/share/px4_ros_com/hook/cmake_prefix_path.dsv'
[116.801s] INFO:colcon.colcon_core.shell:Creating environment hook '/home/eppl/ws_ros2/install/px4_ros_com/share/px4_ros_com/hook/cmake_prefix_path.sh'
[116.801s] Level 1:colcon.colcon_core.environment:checking '/home/eppl/ws_ros2/install/px4_ros_com/lib'
[116.801s] Level 1:colcon.colcon_core.shell:create_environment_hook('px4_ros_com', 'ld_library_path_lib')
[116.801s] INFO:colcon.colcon_core.shell:Creating environment hook '/home/eppl/ws_ros2/install/px4_ros_com/share/px4_ros_com/hook/ld_library_path_lib.ps1'
[116.801s] INFO:colcon.colcon_core.shell:Creating environment descriptor '/home/eppl/ws_ros2/install/px4_ros_com/share/px4_ros_com/hook/ld_library_path_lib.dsv'
[116.801s] INFO:colcon.colcon_core.shell:Creating environment hook '/home/eppl/ws_ros2/install/px4_ros_com/share/px4_ros_com/hook/ld_library_path_lib.sh'
[116.801s] Level 1:colcon.colcon_core.environment:checking '/home/eppl/ws_ros2/install/px4_ros_com/bin'
[116.801s] Level 1:colcon.colcon_core.environment:checking '/home/eppl/ws_ros2/install/px4_ros_com/lib/pkgconfig/px4_ros_com.pc'
[116.802s] Level 1:colcon.colcon_core.environment:checking '/home/eppl/ws_ros2/install/px4_ros_com/lib/python3.10/site-packages'
[116.802s] Level 1:colcon.colcon_core.environment:checking '/home/eppl/ws_ros2/install/px4_ros_com/bin'
[116.802s] INFO:colcon.colcon_core.shell:Creating package script '/home/eppl/ws_ros2/install/px4_ros_com/share/px4_ros_com/package.ps1'
[116.802s] INFO:colcon.colcon_core.shell:Creating package descriptor '/home/eppl/ws_ros2/install/px4_ros_com/share/px4_ros_com/package.dsv'
[116.802s] INFO:colcon.colcon_core.shell:Creating package script '/home/eppl/ws_ros2/install/px4_ros_com/share/px4_ros_com/package.sh'
[116.802s] INFO:colcon.colcon_core.shell:Creating package script '/home/eppl/ws_ros2/install/px4_ros_com/share/px4_ros_com/package.bash'
[116.802s] INFO:colcon.colcon_core.shell:Creating package script '/home/eppl/ws_ros2/install/px4_ros_com/share/px4_ros_com/package.zsh'
[116.803s] Level 1:colcon.colcon_core.environment:create_file_with_runtime_dependencies(/home/eppl/ws_ros2/install/px4_ros_com/share/colcon-core/packages/px4_ros_com)
[116.803s] DEBUG:colcon.colcon_parallel_executor.executor.parallel:closing loop
[116.803s] DEBUG:colcon.colcon_parallel_executor.executor.parallel:loop closed
[116.803s] DEBUG:colcon.colcon_parallel_executor.executor.parallel:run_until_complete finished with '0'
[116.803s] DEBUG:colcon.colcon_core.event_reactor:joining thread
[116.805s] INFO:colcon.colcon_core.plugin_system:Skipping extension 'colcon_notification.desktop_notification.terminal_notifier': Not used on non-Darwin systems
[116.805s] INFO:colcon.colcon_core.plugin_system:Skipping extension 'colcon_notification.desktop_notification.win32': Not used on non-Windows systems
[116.805s] INFO:colcon.colcon_notification.desktop_notification:Sending desktop notification using 'notify2'
[116.810s] DEBUG:colcon.colcon_core.event_reactor:joined thread
[116.810s] INFO:colcon.colcon_core.shell:Creating prefix script '/home/eppl/ws_ros2/install/local_setup.ps1'
[116.810s] INFO:colcon.colcon_core.shell:Creating prefix util module '/home/eppl/ws_ros2/install/_local_setup_util_ps1.py'
[116.811s] INFO:colcon.colcon_core.shell:Creating prefix chain script '/home/eppl/ws_ros2/install/setup.ps1'
[116.811s] INFO:colcon.colcon_core.shell:Creating prefix script '/home/eppl/ws_ros2/install/local_setup.sh'
[116.811s] INFO:colcon.colcon_core.shell:Creating prefix util module '/home/eppl/ws_ros2/install/_local_setup_util_sh.py'
[116.811s] INFO:colcon.colcon_core.shell:Creating prefix chain script '/home/eppl/ws_ros2/install/setup.sh'
[116.812s] INFO:colcon.colcon_core.shell:Creating prefix script '/home/eppl/ws_ros2/install/local_setup.bash'
[116.812s] INFO:colcon.colcon_core.shell:Creating prefix chain script '/home/eppl/ws_ros2/install/setup.bash'
[116.812s] INFO:colcon.colcon_core.shell:Creating prefix script '/home/eppl/ws_ros2/install/local_setup.zsh'
[116.812s] INFO:colcon.colcon_core.shell:Creating prefix chain script '/home/eppl/ws_ros2/install/setup.zsh'
