[0.075s] DEBUG:colcon:Command line arguments: ['/usr/bin/colcon', 'build']
[0.076s] DEBUG:colcon:Parsed command line arguments: Namespace(log_base=None, log_level=None, verb_name='build', build_base='build', install_base='install', merge_install=False, symlink_install=False, test_result_base=None, continue_on_error=False, executor='parallel', parallel_workers=32, event_handlers=None, ignore_user_meta=False, metas=['./colcon.meta'], base_paths=['.'], packages_ignore=None, packages_ignore_regex=None, paths=None, packages_up_to=None, packages_up_to_regex=None, packages_above=None, packages_above_and_dependencies=None, packages_above_depth=None, packages_select_by_dep=None, packages_skip_by_dep=None, packages_skip_up_to=None, packages_select_build_failed=False, packages_skip_build_finished=False, packages_select_test_failures=False, packages_skip_test_passed=False, packages_select=None, packages_skip=None, packages_select_regex=None, packages_skip_regex=None, packages_start=None, packages_end=None, allow_overriding=[], cmake_args=None, cmake_target=None, cmake_target_skip_unavailable=False, cmake_clean_cache=False, cmake_clean_first=False, cmake_force_configure=False, ament_cmake_args=None, catkin_cmake_args=None, catkin_skip_building_tests=False, mixin_files=None, mixin=None, verb_parser=<colcon_mixin.mixin.mixin_argument.MixinArgumentDecorator object at 0x74a8ec7a8040>, verb_extension=<colcon_core.verb.build.BuildVerb object at 0x74a8ec76fb50>, main=<bound method BuildVerb.main of <colcon_core.verb.build.BuildVerb object at 0x74a8ec76fb50>>, mixin_verb=('build',))
[0.102s] Level 1:colcon.colcon_core.package_discovery:discover_packages(colcon_meta) check parameters
[0.102s] Level 1:colcon.colcon_core.package_discovery:discover_packages(recursive) check parameters
[0.102s] Level 1:colcon.colcon_core.package_discovery:discover_packages(ignore) check parameters
[0.102s] Level 1:colcon.colcon_core.package_discovery:discover_packages(path) check parameters
[0.102s] Level 1:colcon.colcon_core.package_discovery:discover_packages(colcon_meta) discover
[0.102s] Level 1:colcon.colcon_core.package_discovery:discover_packages(recursive) discover
[0.102s] INFO:colcon.colcon_core.package_discovery:Crawling recursively for packages in '/home/eppl/ws_ros2'
[0.102s] Level 1:colcon.colcon_core.package_identification:_identify(.) by extensions ['ignore', 'ignore_ament_install']
[0.102s] Level 1:colcon.colcon_core.package_identification:_identify(.) by extension 'ignore'
[0.102s] Level 1:colcon.colcon_core.package_identification:_identify(.) by extension 'ignore_ament_install'
[0.102s] Level 1:colcon.colcon_core.package_identification:_identify(.) by extensions ['colcon_pkg']
[0.102s] Level 1:colcon.colcon_core.package_identification:_identify(.) by extension 'colcon_pkg'
[0.102s] Level 1:colcon.colcon_core.package_identification:_identify(.) by extensions ['colcon_meta']
[0.102s] Level 1:colcon.colcon_core.package_identification:_identify(.) by extension 'colcon_meta'
[0.102s] Level 1:colcon.colcon_core.package_identification:_identify(.) by extensions ['ros']
[0.102s] Level 1:colcon.colcon_core.package_identification:_identify(.) by extension 'ros'
[0.109s] Level 1:colcon.colcon_core.package_identification:_identify(.) by extensions ['cmake', 'python']
[0.109s] Level 1:colcon.colcon_core.package_identification:_identify(.) by extension 'cmake'
[0.109s] Level 1:colcon.colcon_core.package_identification:_identify(.) by extension 'python'
[0.109s] Level 1:colcon.colcon_core.package_identification:_identify(.) by extensions ['python_setup_py']
[0.109s] Level 1:colcon.colcon_core.package_identification:_identify(.) by extension 'python_setup_py'
[0.109s] Level 1:colcon.colcon_core.package_identification:_identify(build) by extensions ['ignore', 'ignore_ament_install']
[0.109s] Level 1:colcon.colcon_core.package_identification:_identify(build) by extension 'ignore'
[0.109s] Level 1:colcon.colcon_core.package_identification:_identify(build) ignored
[0.109s] Level 1:colcon.colcon_core.package_identification:_identify(install) by extensions ['ignore', 'ignore_ament_install']
[0.109s] Level 1:colcon.colcon_core.package_identification:_identify(install) by extension 'ignore'
[0.109s] Level 1:colcon.colcon_core.package_identification:_identify(install) ignored
[0.109s] Level 1:colcon.colcon_core.package_identification:_identify(log) by extensions ['ignore', 'ignore_ament_install']
[0.109s] Level 1:colcon.colcon_core.package_identification:_identify(log) by extension 'ignore'
[0.109s] Level 1:colcon.colcon_core.package_identification:_identify(log) ignored
[0.109s] Level 1:colcon.colcon_core.package_identification:_identify(src) by extensions ['ignore', 'ignore_ament_install']
[0.109s] Level 1:colcon.colcon_core.package_identification:_identify(src) by extension 'ignore'
[0.109s] Level 1:colcon.colcon_core.package_identification:_identify(src) by extension 'ignore_ament_install'
[0.109s] Level 1:colcon.colcon_core.package_identification:_identify(src) by extensions ['colcon_pkg']
[0.109s] Level 1:colcon.colcon_core.package_identification:_identify(src) by extension 'colcon_pkg'
[0.109s] Level 1:colcon.colcon_core.package_identification:_identify(src) by extensions ['colcon_meta']
[0.109s] Level 1:colcon.colcon_core.package_identification:_identify(src) by extension 'colcon_meta'
[0.109s] Level 1:colcon.colcon_core.package_identification:_identify(src) by extensions ['ros']
[0.109s] Level 1:colcon.colcon_core.package_identification:_identify(src) by extension 'ros'
[0.109s] Level 1:colcon.colcon_core.package_identification:_identify(src) by extensions ['cmake', 'python']
[0.109s] Level 1:colcon.colcon_core.package_identification:_identify(src) by extension 'cmake'
[0.109s] Level 1:colcon.colcon_core.package_identification:_identify(src) by extension 'python'
[0.109s] Level 1:colcon.colcon_core.package_identification:_identify(src) by extensions ['python_setup_py']
[0.109s] Level 1:colcon.colcon_core.package_identification:_identify(src) by extension 'python_setup_py'
[0.109s] Level 1:colcon.colcon_core.package_identification:_identify(src/px4_msgs) by extensions ['ignore', 'ignore_ament_install']
[0.109s] Level 1:colcon.colcon_core.package_identification:_identify(src/px4_msgs) by extension 'ignore'
[0.109s] Level 1:colcon.colcon_core.package_identification:_identify(src/px4_msgs) by extension 'ignore_ament_install'
[0.110s] Level 1:colcon.colcon_core.package_identification:_identify(src/px4_msgs) by extensions ['colcon_pkg']
[0.110s] Level 1:colcon.colcon_core.package_identification:_identify(src/px4_msgs) by extension 'colcon_pkg'
[0.110s] Level 1:colcon.colcon_core.package_identification:_identify(src/px4_msgs) by extensions ['colcon_meta']
[0.110s] Level 1:colcon.colcon_core.package_identification:_identify(src/px4_msgs) by extension 'colcon_meta'
[0.110s] Level 1:colcon.colcon_core.package_identification:_identify(src/px4_msgs) by extensions ['ros']
[0.110s] Level 1:colcon.colcon_core.package_identification:_identify(src/px4_msgs) by extension 'ros'
[0.111s] DEBUG:colcon.colcon_core.package_identification:Package 'src/px4_msgs' with type 'ros.ament_cmake' and name 'px4_msgs'
[0.111s] Level 1:colcon.colcon_core.package_identification:_identify(src/px4_ros_com) by extensions ['ignore', 'ignore_ament_install']
[0.111s] Level 1:colcon.colcon_core.package_identification:_identify(src/px4_ros_com) by extension 'ignore'
[0.111s] Level 1:colcon.colcon_core.package_identification:_identify(src/px4_ros_com) by extension 'ignore_ament_install'
[0.111s] Level 1:colcon.colcon_core.package_identification:_identify(src/px4_ros_com) by extensions ['colcon_pkg']
[0.111s] Level 1:colcon.colcon_core.package_identification:_identify(src/px4_ros_com) by extension 'colcon_pkg'
[0.111s] Level 1:colcon.colcon_core.package_identification:_identify(src/px4_ros_com) by extensions ['colcon_meta']
[0.111s] Level 1:colcon.colcon_core.package_identification:_identify(src/px4_ros_com) by extension 'colcon_meta'
[0.111s] Level 1:colcon.colcon_core.package_identification:_identify(src/px4_ros_com) by extensions ['ros']
[0.111s] Level 1:colcon.colcon_core.package_identification:_identify(src/px4_ros_com) by extension 'ros'
[0.112s] DEBUG:colcon.colcon_core.package_identification:Package 'src/px4_ros_com' with type 'ros.ament_cmake' and name 'px4_ros_com'
[0.112s] Level 1:colcon.colcon_core.package_discovery:discover_packages(recursive) using defaults
[0.112s] Level 1:colcon.colcon_core.package_discovery:discover_packages(ignore) discover
[0.112s] Level 1:colcon.colcon_core.package_discovery:discover_packages(ignore) using defaults
[0.112s] Level 1:colcon.colcon_core.package_discovery:discover_packages(path) discover
[0.112s] Level 1:colcon.colcon_core.package_discovery:discover_packages(path) using defaults
[0.124s] Level 1:colcon.colcon_core.package_discovery:discover_packages(prefix_path) check parameters
[0.124s] Level 1:colcon.colcon_core.package_discovery:discover_packages(prefix_path) discover
[0.125s] DEBUG:colcon.colcon_installed_package_information.package_discovery:Found 271 installed packages in /opt/ros/humble
[0.126s] Level 1:colcon.colcon_core.package_discovery:discover_packages(prefix_path) using defaults
[0.143s] Level 5:colcon.colcon_core.verb:set package 'px4_msgs' build argument 'cmake_args' from command line to 'None'
[0.143s] Level 5:colcon.colcon_core.verb:set package 'px4_msgs' build argument 'cmake_target' from command line to 'None'
[0.143s] Level 5:colcon.colcon_core.verb:set package 'px4_msgs' build argument 'cmake_target_skip_unavailable' from command line to 'False'
[0.143s] Level 5:colcon.colcon_core.verb:set package 'px4_msgs' build argument 'cmake_clean_cache' from command line to 'False'
[0.143s] Level 5:colcon.colcon_core.verb:set package 'px4_msgs' build argument 'cmake_clean_first' from command line to 'False'
[0.143s] Level 5:colcon.colcon_core.verb:set package 'px4_msgs' build argument 'cmake_force_configure' from command line to 'False'
[0.143s] Level 5:colcon.colcon_core.verb:set package 'px4_msgs' build argument 'ament_cmake_args' from command line to 'None'
[0.143s] Level 5:colcon.colcon_core.verb:set package 'px4_msgs' build argument 'catkin_cmake_args' from command line to 'None'
[0.143s] Level 5:colcon.colcon_core.verb:set package 'px4_msgs' build argument 'catkin_skip_building_tests' from command line to 'False'
[0.143s] DEBUG:colcon.colcon_core.verb:Building package 'px4_msgs' with the following arguments: {'ament_cmake_args': None, 'build_base': '/home/eppl/ws_ros2/build/px4_msgs', 'catkin_cmake_args': None, 'catkin_skip_building_tests': False, 'cmake_args': None, 'cmake_clean_cache': False, 'cmake_clean_first': False, 'cmake_force_configure': False, 'cmake_target': None, 'cmake_target_skip_unavailable': False, 'install_base': '/home/eppl/ws_ros2/install/px4_msgs', 'merge_install': False, 'path': '/home/eppl/ws_ros2/src/px4_msgs', 'symlink_install': False, 'test_result_base': None}
[0.143s] Level 5:colcon.colcon_core.verb:set package 'px4_ros_com' build argument 'cmake_args' from command line to 'None'
[0.143s] Level 5:colcon.colcon_core.verb:set package 'px4_ros_com' build argument 'cmake_target' from command line to 'None'
[0.143s] Level 5:colcon.colcon_core.verb:set package 'px4_ros_com' build argument 'cmake_target_skip_unavailable' from command line to 'False'
[0.143s] Level 5:colcon.colcon_core.verb:set package 'px4_ros_com' build argument 'cmake_clean_cache' from command line to 'False'
[0.143s] Level 5:colcon.colcon_core.verb:set package 'px4_ros_com' build argument 'cmake_clean_first' from command line to 'False'
[0.143s] Level 5:colcon.colcon_core.verb:set package 'px4_ros_com' build argument 'cmake_force_configure' from command line to 'False'
[0.143s] Level 5:colcon.colcon_core.verb:set package 'px4_ros_com' build argument 'ament_cmake_args' from command line to 'None'
[0.143s] Level 5:colcon.colcon_core.verb:set package 'px4_ros_com' build argument 'catkin_cmake_args' from command line to 'None'
[0.143s] Level 5:colcon.colcon_core.verb:set package 'px4_ros_com' build argument 'catkin_skip_building_tests' from command line to 'False'
[0.143s] DEBUG:colcon.colcon_core.verb:Building package 'px4_ros_com' with the following arguments: {'ament_cmake_args': None, 'build_base': '/home/eppl/ws_ros2/build/px4_ros_com', 'catkin_cmake_args': None, 'catkin_skip_building_tests': False, 'cmake_args': None, 'cmake_clean_cache': False, 'cmake_clean_first': False, 'cmake_force_configure': False, 'cmake_target': None, 'cmake_target_skip_unavailable': False, 'install_base': '/home/eppl/ws_ros2/install/px4_ros_com', 'merge_install': False, 'path': '/home/eppl/ws_ros2/src/px4_ros_com', 'symlink_install': False, 'test_result_base': None}
[0.143s] INFO:colcon.colcon_core.executor:Executing jobs using 'parallel' executor
[0.144s] DEBUG:colcon.colcon_parallel_executor.executor.parallel:run_until_complete
[0.144s] INFO:colcon.colcon_ros.task.ament_cmake.build:Building ROS package in '/home/eppl/ws_ros2/src/px4_msgs' with build type 'ament_cmake'
[0.144s] INFO:colcon.colcon_cmake.task.cmake.build:Building CMake package in '/home/eppl/ws_ros2/src/px4_msgs'
[0.146s] INFO:colcon.colcon_core.plugin_system:Skipping extension 'colcon_core.shell.bat': Not used on non-Windows systems
[0.146s] INFO:colcon.colcon_core.shell:Skip shell extension 'powershell' for command environment: Not usable outside of PowerShell
[0.146s] DEBUG:colcon.colcon_core.shell:Skip shell extension 'dsv' for command environment
[0.150s] DEBUG:colcon.colcon_core.event_handler.log_command:Invoking command in '/home/eppl/ws_ros2/build/px4_msgs': CMAKE_PREFIX_PATH=/opt/ros/humble /usr/bin/cmake /home/eppl/ws_ros2/src/px4_msgs -DCMAKE_INSTALL_PREFIX=/home/eppl/ws_ros2/install/px4_msgs
[1.721s] DEBUG:colcon.colcon_core.event_handler.log_command:Invoked command in '/home/eppl/ws_ros2/build/px4_msgs' returned '0': CMAKE_PREFIX_PATH=/opt/ros/humble /usr/bin/cmake /home/eppl/ws_ros2/src/px4_msgs -DCMAKE_INSTALL_PREFIX=/home/eppl/ws_ros2/install/px4_msgs
[1.722s] DEBUG:colcon.colcon_core.event_handler.log_command:Invoking command in '/home/eppl/ws_ros2/build/px4_msgs': CMAKE_PREFIX_PATH=/opt/ros/humble /usr/bin/cmake --build /home/eppl/ws_ros2/build/px4_msgs -- -j32 -l32
[2.399s] DEBUG:colcon.colcon_core.event_handler.log_command:Invoked command in '/home/eppl/ws_ros2/build/px4_msgs' returned '0': CMAKE_PREFIX_PATH=/opt/ros/humble /usr/bin/cmake --build /home/eppl/ws_ros2/build/px4_msgs -- -j32 -l32
[2.404s] DEBUG:colcon.colcon_core.event_handler.log_command:Invoking command in '/home/eppl/ws_ros2/build/px4_msgs': CMAKE_PREFIX_PATH=/opt/ros/humble /usr/bin/cmake --install /home/eppl/ws_ros2/build/px4_msgs
[2.636s] Level 1:colcon.colcon_core.environment:create_environment_scripts_only(px4_msgs)
[2.636s] DEBUG:colcon.colcon_core.event_handler.log_command:Invoked command in '/home/eppl/ws_ros2/build/px4_msgs' returned '0': CMAKE_PREFIX_PATH=/opt/ros/humble /usr/bin/cmake --install /home/eppl/ws_ros2/build/px4_msgs
[2.639s] Level 1:colcon.colcon_core.environment:checking '/home/eppl/ws_ros2/install/px4_msgs' for CMake module files
[2.639s] Level 1:colcon.colcon_core.environment:checking '/home/eppl/ws_ros2/install/px4_msgs' for CMake config files
[2.647s] Level 1:colcon.colcon_core.shell:create_environment_hook('px4_msgs', 'cmake_prefix_path')
[2.648s] INFO:colcon.colcon_core.shell:Creating environment hook '/home/eppl/ws_ros2/install/px4_msgs/share/px4_msgs/hook/cmake_prefix_path.ps1'
[2.648s] INFO:colcon.colcon_core.shell:Creating environment descriptor '/home/eppl/ws_ros2/install/px4_msgs/share/px4_msgs/hook/cmake_prefix_path.dsv'
[2.648s] INFO:colcon.colcon_core.shell:Creating environment hook '/home/eppl/ws_ros2/install/px4_msgs/share/px4_msgs/hook/cmake_prefix_path.sh'
[2.649s] Level 1:colcon.colcon_core.environment:checking '/home/eppl/ws_ros2/install/px4_msgs/lib'
[2.649s] Level 1:colcon.colcon_core.shell:create_environment_hook('px4_msgs', 'ld_library_path_lib')
[2.649s] INFO:colcon.colcon_core.shell:Creating environment hook '/home/eppl/ws_ros2/install/px4_msgs/share/px4_msgs/hook/ld_library_path_lib.ps1'
[2.649s] INFO:colcon.colcon_core.shell:Creating environment descriptor '/home/eppl/ws_ros2/install/px4_msgs/share/px4_msgs/hook/ld_library_path_lib.dsv'
[2.649s] INFO:colcon.colcon_core.shell:Creating environment hook '/home/eppl/ws_ros2/install/px4_msgs/share/px4_msgs/hook/ld_library_path_lib.sh'
[2.649s] Level 1:colcon.colcon_core.environment:checking '/home/eppl/ws_ros2/install/px4_msgs/bin'
[2.649s] Level 1:colcon.colcon_core.environment:checking '/home/eppl/ws_ros2/install/px4_msgs/lib/pkgconfig/px4_msgs.pc'
[2.649s] Level 1:colcon.colcon_core.environment:checking '/home/eppl/ws_ros2/install/px4_msgs/lib/python3.10/site-packages'
[2.649s] Level 1:colcon.colcon_core.environment:checking '/home/eppl/ws_ros2/install/px4_msgs/bin'
[2.650s] INFO:colcon.colcon_core.shell:Creating package script '/home/eppl/ws_ros2/install/px4_msgs/share/px4_msgs/package.ps1'
[2.650s] INFO:colcon.colcon_core.shell:Creating package descriptor '/home/eppl/ws_ros2/install/px4_msgs/share/px4_msgs/package.dsv'
[2.650s] INFO:colcon.colcon_core.shell:Creating package script '/home/eppl/ws_ros2/install/px4_msgs/share/px4_msgs/package.sh'
[2.651s] INFO:colcon.colcon_core.shell:Creating package script '/home/eppl/ws_ros2/install/px4_msgs/share/px4_msgs/package.bash'
[2.651s] INFO:colcon.colcon_core.shell:Creating package script '/home/eppl/ws_ros2/install/px4_msgs/share/px4_msgs/package.zsh'
[2.651s] Level 1:colcon.colcon_core.environment:create_file_with_runtime_dependencies(/home/eppl/ws_ros2/install/px4_msgs/share/colcon-core/packages/px4_msgs)
[2.652s] Level 1:colcon.colcon_core.environment:create_environment_scripts_only(px4_msgs)
[2.652s] Level 1:colcon.colcon_core.environment:checking '/home/eppl/ws_ros2/install/px4_msgs' for CMake module files
[2.652s] Level 1:colcon.colcon_core.environment:checking '/home/eppl/ws_ros2/install/px4_msgs' for CMake config files
[2.660s] Level 1:colcon.colcon_core.shell:create_environment_hook('px4_msgs', 'cmake_prefix_path')
[2.660s] INFO:colcon.colcon_core.shell:Creating environment hook '/home/eppl/ws_ros2/install/px4_msgs/share/px4_msgs/hook/cmake_prefix_path.ps1'
[2.660s] INFO:colcon.colcon_core.shell:Creating environment descriptor '/home/eppl/ws_ros2/install/px4_msgs/share/px4_msgs/hook/cmake_prefix_path.dsv'
[2.660s] INFO:colcon.colcon_core.shell:Creating environment hook '/home/eppl/ws_ros2/install/px4_msgs/share/px4_msgs/hook/cmake_prefix_path.sh'
[2.661s] Level 1:colcon.colcon_core.environment:checking '/home/eppl/ws_ros2/install/px4_msgs/lib'
[2.661s] Level 1:colcon.colcon_core.shell:create_environment_hook('px4_msgs', 'ld_library_path_lib')
[2.661s] INFO:colcon.colcon_core.shell:Creating environment hook '/home/eppl/ws_ros2/install/px4_msgs/share/px4_msgs/hook/ld_library_path_lib.ps1'
[2.661s] INFO:colcon.colcon_core.shell:Creating environment descriptor '/home/eppl/ws_ros2/install/px4_msgs/share/px4_msgs/hook/ld_library_path_lib.dsv'
[2.661s] INFO:colcon.colcon_core.shell:Creating environment hook '/home/eppl/ws_ros2/install/px4_msgs/share/px4_msgs/hook/ld_library_path_lib.sh'
[2.661s] Level 1:colcon.colcon_core.environment:checking '/home/eppl/ws_ros2/install/px4_msgs/bin'
[2.661s] Level 1:colcon.colcon_core.environment:checking '/home/eppl/ws_ros2/install/px4_msgs/lib/pkgconfig/px4_msgs.pc'
[2.661s] Level 1:colcon.colcon_core.environment:checking '/home/eppl/ws_ros2/install/px4_msgs/lib/python3.10/site-packages'
[2.661s] Level 1:colcon.colcon_core.environment:checking '/home/eppl/ws_ros2/install/px4_msgs/bin'
[2.662s] INFO:colcon.colcon_core.shell:Creating package script '/home/eppl/ws_ros2/install/px4_msgs/share/px4_msgs/package.ps1'
[2.662s] INFO:colcon.colcon_core.shell:Creating package descriptor '/home/eppl/ws_ros2/install/px4_msgs/share/px4_msgs/package.dsv'
[2.662s] INFO:colcon.colcon_core.shell:Creating package script '/home/eppl/ws_ros2/install/px4_msgs/share/px4_msgs/package.sh'
[2.662s] INFO:colcon.colcon_core.shell:Creating package script '/home/eppl/ws_ros2/install/px4_msgs/share/px4_msgs/package.bash'
[2.662s] INFO:colcon.colcon_core.shell:Creating package script '/home/eppl/ws_ros2/install/px4_msgs/share/px4_msgs/package.zsh'
[2.662s] Level 1:colcon.colcon_core.environment:create_file_with_runtime_dependencies(/home/eppl/ws_ros2/install/px4_msgs/share/colcon-core/packages/px4_msgs)
[2.663s] INFO:colcon.colcon_ros.task.ament_cmake.build:Building ROS package in '/home/eppl/ws_ros2/src/px4_ros_com' with build type 'ament_cmake'
[2.663s] INFO:colcon.colcon_cmake.task.cmake.build:Building CMake package in '/home/eppl/ws_ros2/src/px4_ros_com'
[2.663s] INFO:colcon.colcon_core.shell:Skip shell extension 'powershell' for command environment: Not usable outside of PowerShell
[2.663s] DEBUG:colcon.colcon_core.shell:Skip shell extension 'dsv' for command environment
[2.668s] DEBUG:colcon.colcon_core.event_handler.log_command:Invoking command in '/home/eppl/ws_ros2/build/px4_ros_com': AMENT_PREFIX_PATH=/home/eppl/ws_ros2/install/px4_msgs:${AMENT_PREFIX_PATH} CMAKE_PREFIX_PATH=/home/eppl/ws_ros2/install/px4_msgs:/opt/ros/humble LD_LIBRARY_PATH=/home/eppl/ws_ros2/install/px4_msgs/lib:${LD_LIBRARY_PATH} PYTHONPATH=/home/eppl/ws_ros2/install/px4_msgs/local/lib/python3.10/dist-packages:${PYTHONPATH} /usr/bin/cmake /home/eppl/ws_ros2/src/px4_ros_com -DCMAKE_INSTALL_PREFIX=/home/eppl/ws_ros2/install/px4_ros_com
[2.980s] DEBUG:colcon.colcon_core.event_handler.log_command:Invoked command in '/home/eppl/ws_ros2/build/px4_ros_com' returned '0': AMENT_PREFIX_PATH=/home/eppl/ws_ros2/install/px4_msgs:${AMENT_PREFIX_PATH} CMAKE_PREFIX_PATH=/home/eppl/ws_ros2/install/px4_msgs:/opt/ros/humble LD_LIBRARY_PATH=/home/eppl/ws_ros2/install/px4_msgs/lib:${LD_LIBRARY_PATH} PYTHONPATH=/home/eppl/ws_ros2/install/px4_msgs/local/lib/python3.10/dist-packages:${PYTHONPATH} /usr/bin/cmake /home/eppl/ws_ros2/src/px4_ros_com -DCMAKE_INSTALL_PREFIX=/home/eppl/ws_ros2/install/px4_ros_com
[2.981s] DEBUG:colcon.colcon_core.event_handler.log_command:Invoking command in '/home/eppl/ws_ros2/build/px4_ros_com': AMENT_PREFIX_PATH=/home/eppl/ws_ros2/install/px4_msgs:${AMENT_PREFIX_PATH} CMAKE_PREFIX_PATH=/home/eppl/ws_ros2/install/px4_msgs:/opt/ros/humble LD_LIBRARY_PATH=/home/eppl/ws_ros2/install/px4_msgs/lib:${LD_LIBRARY_PATH} PYTHONPATH=/home/eppl/ws_ros2/install/px4_msgs/local/lib/python3.10/dist-packages:${PYTHONPATH} /usr/bin/cmake --build /home/eppl/ws_ros2/build/px4_ros_com -- -j32 -l32
[3.153s] DEBUG:colcon.colcon_core.event_handler.log_command:Invoked command in '/home/eppl/ws_ros2/build/px4_ros_com' returned '0': AMENT_PREFIX_PATH=/home/eppl/ws_ros2/install/px4_msgs:${AMENT_PREFIX_PATH} CMAKE_PREFIX_PATH=/home/eppl/ws_ros2/install/px4_msgs:/opt/ros/humble LD_LIBRARY_PATH=/home/eppl/ws_ros2/install/px4_msgs/lib:${LD_LIBRARY_PATH} PYTHONPATH=/home/eppl/ws_ros2/install/px4_msgs/local/lib/python3.10/dist-packages:${PYTHONPATH} /usr/bin/cmake --build /home/eppl/ws_ros2/build/px4_ros_com -- -j32 -l32
[3.154s] DEBUG:colcon.colcon_core.event_handler.log_command:Invoking command in '/home/eppl/ws_ros2/build/px4_ros_com': AMENT_PREFIX_PATH=/home/eppl/ws_ros2/install/px4_msgs:${AMENT_PREFIX_PATH} CMAKE_PREFIX_PATH=/home/eppl/ws_ros2/install/px4_msgs:/opt/ros/humble LD_LIBRARY_PATH=/home/eppl/ws_ros2/install/px4_msgs/lib:${LD_LIBRARY_PATH} PYTHONPATH=/home/eppl/ws_ros2/install/px4_msgs/local/lib/python3.10/dist-packages:${PYTHONPATH} /usr/bin/cmake --install /home/eppl/ws_ros2/build/px4_ros_com
[3.186s] Level 1:colcon.colcon_core.environment:create_environment_scripts_only(px4_ros_com)
[3.186s] Level 1:colcon.colcon_core.environment:checking '/home/eppl/ws_ros2/install/px4_ros_com' for CMake module files
[3.186s] DEBUG:colcon.colcon_core.event_handler.log_command:Invoked command in '/home/eppl/ws_ros2/build/px4_ros_com' returned '0': AMENT_PREFIX_PATH=/home/eppl/ws_ros2/install/px4_msgs:${AMENT_PREFIX_PATH} CMAKE_PREFIX_PATH=/home/eppl/ws_ros2/install/px4_msgs:/opt/ros/humble LD_LIBRARY_PATH=/home/eppl/ws_ros2/install/px4_msgs/lib:${LD_LIBRARY_PATH} PYTHONPATH=/home/eppl/ws_ros2/install/px4_msgs/local/lib/python3.10/dist-packages:${PYTHONPATH} /usr/bin/cmake --install /home/eppl/ws_ros2/build/px4_ros_com
[3.186s] Level 1:colcon.colcon_core.environment:checking '/home/eppl/ws_ros2/install/px4_ros_com' for CMake config files
[3.186s] Level 1:colcon.colcon_core.shell:create_environment_hook('px4_ros_com', 'cmake_prefix_path')
[3.187s] INFO:colcon.colcon_core.shell:Creating environment hook '/home/eppl/ws_ros2/install/px4_ros_com/share/px4_ros_com/hook/cmake_prefix_path.ps1'
[3.187s] INFO:colcon.colcon_core.shell:Creating environment descriptor '/home/eppl/ws_ros2/install/px4_ros_com/share/px4_ros_com/hook/cmake_prefix_path.dsv'
[3.187s] INFO:colcon.colcon_core.shell:Creating environment hook '/home/eppl/ws_ros2/install/px4_ros_com/share/px4_ros_com/hook/cmake_prefix_path.sh'
[3.187s] Level 1:colcon.colcon_core.environment:checking '/home/eppl/ws_ros2/install/px4_ros_com/lib'
[3.187s] Level 1:colcon.colcon_core.shell:create_environment_hook('px4_ros_com', 'ld_library_path_lib')
[3.187s] INFO:colcon.colcon_core.shell:Creating environment hook '/home/eppl/ws_ros2/install/px4_ros_com/share/px4_ros_com/hook/ld_library_path_lib.ps1'
[3.187s] INFO:colcon.colcon_core.shell:Creating environment descriptor '/home/eppl/ws_ros2/install/px4_ros_com/share/px4_ros_com/hook/ld_library_path_lib.dsv'
[3.188s] INFO:colcon.colcon_core.shell:Creating environment hook '/home/eppl/ws_ros2/install/px4_ros_com/share/px4_ros_com/hook/ld_library_path_lib.sh'
[3.188s] Level 1:colcon.colcon_core.environment:checking '/home/eppl/ws_ros2/install/px4_ros_com/bin'
[3.188s] Level 1:colcon.colcon_core.environment:checking '/home/eppl/ws_ros2/install/px4_ros_com/lib/pkgconfig/px4_ros_com.pc'
[3.188s] Level 1:colcon.colcon_core.environment:checking '/home/eppl/ws_ros2/install/px4_ros_com/lib/python3.10/site-packages'
[3.188s] Level 1:colcon.colcon_core.environment:checking '/home/eppl/ws_ros2/install/px4_ros_com/bin'
[3.188s] INFO:colcon.colcon_core.shell:Creating package script '/home/eppl/ws_ros2/install/px4_ros_com/share/px4_ros_com/package.ps1'
[3.188s] INFO:colcon.colcon_core.shell:Creating package descriptor '/home/eppl/ws_ros2/install/px4_ros_com/share/px4_ros_com/package.dsv'
[3.188s] INFO:colcon.colcon_core.shell:Creating package script '/home/eppl/ws_ros2/install/px4_ros_com/share/px4_ros_com/package.sh'
[3.189s] INFO:colcon.colcon_core.shell:Creating package script '/home/eppl/ws_ros2/install/px4_ros_com/share/px4_ros_com/package.bash'
[3.189s] INFO:colcon.colcon_core.shell:Creating package script '/home/eppl/ws_ros2/install/px4_ros_com/share/px4_ros_com/package.zsh'
[3.189s] Level 1:colcon.colcon_core.environment:create_file_with_runtime_dependencies(/home/eppl/ws_ros2/install/px4_ros_com/share/colcon-core/packages/px4_ros_com)
[3.189s] Level 1:colcon.colcon_core.environment:create_environment_scripts_only(px4_ros_com)
[3.189s] Level 1:colcon.colcon_core.environment:checking '/home/eppl/ws_ros2/install/px4_ros_com' for CMake module files
[3.189s] Level 1:colcon.colcon_core.environment:checking '/home/eppl/ws_ros2/install/px4_ros_com' for CMake config files
[3.189s] Level 1:colcon.colcon_core.shell:create_environment_hook('px4_ros_com', 'cmake_prefix_path')
[3.189s] INFO:colcon.colcon_core.shell:Creating environment hook '/home/eppl/ws_ros2/install/px4_ros_com/share/px4_ros_com/hook/cmake_prefix_path.ps1'
[3.190s] INFO:colcon.colcon_core.shell:Creating environment descriptor '/home/eppl/ws_ros2/install/px4_ros_com/share/px4_ros_com/hook/cmake_prefix_path.dsv'
[3.190s] INFO:colcon.colcon_core.shell:Creating environment hook '/home/eppl/ws_ros2/install/px4_ros_com/share/px4_ros_com/hook/cmake_prefix_path.sh'
[3.190s] Level 1:colcon.colcon_core.environment:checking '/home/eppl/ws_ros2/install/px4_ros_com/lib'
[3.190s] Level 1:colcon.colcon_core.shell:create_environment_hook('px4_ros_com', 'ld_library_path_lib')
[3.190s] INFO:colcon.colcon_core.shell:Creating environment hook '/home/eppl/ws_ros2/install/px4_ros_com/share/px4_ros_com/hook/ld_library_path_lib.ps1'
[3.190s] INFO:colcon.colcon_core.shell:Creating environment descriptor '/home/eppl/ws_ros2/install/px4_ros_com/share/px4_ros_com/hook/ld_library_path_lib.dsv'
[3.190s] INFO:colcon.colcon_core.shell:Creating environment hook '/home/eppl/ws_ros2/install/px4_ros_com/share/px4_ros_com/hook/ld_library_path_lib.sh'
[3.190s] Level 1:colcon.colcon_core.environment:checking '/home/eppl/ws_ros2/install/px4_ros_com/bin'
[3.190s] Level 1:colcon.colcon_core.environment:checking '/home/eppl/ws_ros2/install/px4_ros_com/lib/pkgconfig/px4_ros_com.pc'
[3.191s] Level 1:colcon.colcon_core.environment:checking '/home/eppl/ws_ros2/install/px4_ros_com/lib/python3.10/site-packages'
[3.191s] Level 1:colcon.colcon_core.environment:checking '/home/eppl/ws_ros2/install/px4_ros_com/bin'
[3.191s] INFO:colcon.colcon_core.shell:Creating package script '/home/eppl/ws_ros2/install/px4_ros_com/share/px4_ros_com/package.ps1'
[3.191s] INFO:colcon.colcon_core.shell:Creating package descriptor '/home/eppl/ws_ros2/install/px4_ros_com/share/px4_ros_com/package.dsv'
[3.191s] INFO:colcon.colcon_core.shell:Creating package script '/home/eppl/ws_ros2/install/px4_ros_com/share/px4_ros_com/package.sh'
[3.192s] INFO:colcon.colcon_core.shell:Creating package script '/home/eppl/ws_ros2/install/px4_ros_com/share/px4_ros_com/package.bash'
[3.192s] INFO:colcon.colcon_core.shell:Creating package script '/home/eppl/ws_ros2/install/px4_ros_com/share/px4_ros_com/package.zsh'
[3.192s] Level 1:colcon.colcon_core.environment:create_file_with_runtime_dependencies(/home/eppl/ws_ros2/install/px4_ros_com/share/colcon-core/packages/px4_ros_com)
[3.192s] DEBUG:colcon.colcon_parallel_executor.executor.parallel:closing loop
[3.192s] DEBUG:colcon.colcon_parallel_executor.executor.parallel:loop closed
[3.192s] DEBUG:colcon.colcon_parallel_executor.executor.parallel:run_until_complete finished with '0'
[3.192s] DEBUG:colcon.colcon_core.event_reactor:joining thread
[3.196s] INFO:colcon.colcon_core.plugin_system:Skipping extension 'colcon_notification.desktop_notification.terminal_notifier': Not used on non-Darwin systems
[3.196s] INFO:colcon.colcon_core.plugin_system:Skipping extension 'colcon_notification.desktop_notification.win32': Not used on non-Windows systems
[3.196s] INFO:colcon.colcon_notification.desktop_notification:Sending desktop notification using 'notify2'
[3.204s] DEBUG:colcon.colcon_core.event_reactor:joined thread
[3.204s] INFO:colcon.colcon_core.shell:Creating prefix script '/home/eppl/ws_ros2/install/local_setup.ps1'
[3.204s] INFO:colcon.colcon_core.shell:Creating prefix util module '/home/eppl/ws_ros2/install/_local_setup_util_ps1.py'
[3.205s] INFO:colcon.colcon_core.shell:Creating prefix chain script '/home/eppl/ws_ros2/install/setup.ps1'
[3.205s] INFO:colcon.colcon_core.shell:Creating prefix script '/home/eppl/ws_ros2/install/local_setup.sh'
[3.206s] INFO:colcon.colcon_core.shell:Creating prefix util module '/home/eppl/ws_ros2/install/_local_setup_util_sh.py'
[3.206s] INFO:colcon.colcon_core.shell:Creating prefix chain script '/home/eppl/ws_ros2/install/setup.sh'
[3.206s] INFO:colcon.colcon_core.shell:Creating prefix script '/home/eppl/ws_ros2/install/local_setup.bash'
[3.206s] INFO:colcon.colcon_core.shell:Creating prefix chain script '/home/eppl/ws_ros2/install/setup.bash'
[3.207s] INFO:colcon.colcon_core.shell:Creating prefix script '/home/eppl/ws_ros2/install/local_setup.zsh'
[3.207s] INFO:colcon.colcon_core.shell:Creating prefix chain script '/home/eppl/ws_ros2/install/setup.zsh'
